[0.586s] Invoking command in '/src/docker-ros2-rover-simulation/build/rover_gz_description': CMAKE_PREFIX_PATH=${CMAKE_PREFIX_PATH}:/src/docker-ros2-rover-simulation/install/publisher_velocity:/opt/ros/foxy /usr/bin/cmake /src/docker-ros2-rover-simulation/src/rover_gz_description -DCMAKE_INSTALL_PREFIX=/src/docker-ros2-rover-simulation/install/rover_gz_description
[1.031s] -- The C compiler identification is GNU 9.4.0
[1.349s] -- The CXX compiler identification is GNU 9.4.0
[1.370s] -- Check for working C compiler: /usr/bin/cc
[1.574s] -- Check for working C compiler: /usr/bin/cc -- works
[1.591s] -- Detecting C compiler ABI info
[1.796s] -- Detecting C compiler ABI info - done
[1.838s] -- Detecting C compile features
[1.839s] -- Detecting C compile features - done
[1.844s] -- Check for working CXX compiler: /usr/bin/c++
[2.127s] -- Check for working CXX compiler: /usr/bin/c++ -- works
[2.129s] -- Detecting CXX compiler ABI info
[2.409s] -- Detecting CXX compiler ABI info - done
[2.458s] -- Detecting CXX compile features
[2.463s] -- Detecting CXX compile features - done
[2.502s] -- Found ament_cmake: 0.9.12 (/opt/ros/foxy/share/ament_cmake/cmake)
[2.648s] -- Found PythonInterp: /usr/bin/python3 (found suitable version "3.8.10", minimum required is "3") 
[2.649s] -- Using PYTHON_EXECUTABLE: /usr/bin/python3
[3.435s] -- Found urdf: 2.4.0 (/opt/ros/foxy/share/urdf/cmake)
[3.566s] -- Found ament_lint_auto: 0.9.8 (/opt/ros/foxy/share/ament_lint_auto/cmake)
[3.856s] -- Added test 'flake8' to check Python code syntax and style conventions
[3.859s] -- Added test 'lint_cmake' to check CMake code style
[3.861s] -- Added test 'pep257' to check Python code against some of the style conventions in PEP 257
[3.865s] -- Added test 'xmllint' to check XML markup files
[3.874s] -- Configuring done
[3.878s] -- Generating done
[3.879s] -- Build files have been written to: /src/docker-ros2-rover-simulation/build/rover_gz_description
[3.896s] Invoked command in '/src/docker-ros2-rover-simulation/build/rover_gz_description' returned '0': CMAKE_PREFIX_PATH=${CMAKE_PREFIX_PATH}:/src/docker-ros2-rover-simulation/install/publisher_velocity:/opt/ros/foxy /usr/bin/cmake /src/docker-ros2-rover-simulation/src/rover_gz_description -DCMAKE_INSTALL_PREFIX=/src/docker-ros2-rover-simulation/install/rover_gz_description
[3.907s] Invoking command in '/src/docker-ros2-rover-simulation/build/rover_gz_description': CMAKE_PREFIX_PATH=${CMAKE_PREFIX_PATH}:/src/docker-ros2-rover-simulation/install/publisher_velocity:/opt/ros/foxy /usr/bin/cmake --build /src/docker-ros2-rover-simulation/build/rover_gz_description -- -j4 -l4
[4.021s] Invoked command in '/src/docker-ros2-rover-simulation/build/rover_gz_description' returned '0': CMAKE_PREFIX_PATH=${CMAKE_PREFIX_PATH}:/src/docker-ros2-rover-simulation/install/publisher_velocity:/opt/ros/foxy /usr/bin/cmake --build /src/docker-ros2-rover-simulation/build/rover_gz_description -- -j4 -l4
[4.127s] Invoking command in '/src/docker-ros2-rover-simulation/build/rover_gz_description': CMAKE_PREFIX_PATH=${CMAKE_PREFIX_PATH}:/src/docker-ros2-rover-simulation/install/publisher_velocity:/opt/ros/foxy /usr/bin/cmake --install /src/docker-ros2-rover-simulation/build/rover_gz_description
[4.140s] -- Install configuration: ""
[4.141s] -- Installing: /src/docker-ros2-rover-simulation/install/rover_gz_description/share/rover_gz_description/launch
[4.142s] -- Installing: /src/docker-ros2-rover-simulation/install/rover_gz_description/share/rover_gz_description/launch/display.launch.py
[4.153s] -- Installing: /src/docker-ros2-rover-simulation/install/rover_gz_description/share/rover_gz_description/launch/gazebo.launch.py
[4.153s] -- Installing: /src/docker-ros2-rover-simulation/install/rover_gz_description/share/rover_gz_description/meshes
[4.153s] -- Installing: /src/docker-ros2-rover-simulation/install/rover_gz_description/share/rover_gz_description/meshes/Camara_Link.STL
[4.155s] -- Installing: /src/docker-ros2-rover-simulation/install/rover_gz_description/share/rover_gz_description/meshes/base_link.STL
[4.156s] -- Installing: /src/docker-ros2-rover-simulation/install/rover_gz_description/share/rover_gz_description/meshes/Wheel2_Link.STL
[4.158s] -- Installing: /src/docker-ros2-rover-simulation/install/rover_gz_description/share/rover_gz_description/meshes/ClassRover
[4.158s] -- Installing: /src/docker-ros2-rover-simulation/install/rover_gz_description/share/rover_gz_description/meshes/ClassRover/caster_front_link.STL
[4.160s] -- Installing: /src/docker-ros2-rover-simulation/install/rover_gz_description/share/rover_gz_description/meshes/ClassRover/imu_link.STL
[4.162s] -- Installing: /src/docker-ros2-rover-simulation/install/rover_gz_description/share/rover_gz_description/meshes/ClassRover/laser_link.STL
[4.178s] -- Installing: /src/docker-ros2-rover-simulation/install/rover_gz_description/share/rover_gz_description/meshes/ClassRover/caster_rear_link.STL
[4.180s] -- Installing: /src/docker-ros2-rover-simulation/install/rover_gz_description/share/rover_gz_description/meshes/ClassRover/camera_link.STL
[4.181s] -- Installing: /src/docker-ros2-rover-simulation/install/rover_gz_description/share/rover_gz_description/meshes/ClassRover/base_link.STL
[4.258s] -- Installing: /src/docker-ros2-rover-simulation/install/rover_gz_description/share/rover_gz_description/meshes/ClassRover/wheel_right_link.STL
[4.264s] -- Installing: /src/docker-ros2-rover-simulation/install/rover_gz_description/share/rover_gz_description/meshes/ClassRover/wheel_left_link.STL
[4.273s] -- Installing: /src/docker-ros2-rover-simulation/install/rover_gz_description/share/rover_gz_description/meshes/Wheel1_Link.STL
[4.275s] -- Installing: /src/docker-ros2-rover-simulation/install/rover_gz_description/share/rover_gz_description/urdf
[4.275s] -- Installing: /src/docker-ros2-rover-simulation/install/rover_gz_description/share/rover_gz_description/urdf/rover.urdf
[4.275s] -- Installing: /src/docker-ros2-rover-simulation/install/rover_gz_description/share/rover_gz_description/urdf/LunarRover.urdf
[4.276s] -- Installing: /src/docker-ros2-rover-simulation/install/rover_gz_description/share/rover_gz_description/models
[4.276s] -- Installing: /src/docker-ros2-rover-simulation/install/rover_gz_description/share/rover_gz_description/models/sun
[4.276s] -- Installing: /src/docker-ros2-rover-simulation/install/rover_gz_description/share/rover_gz_description/models/sun/model.sdf
[4.276s] -- Installing: /src/docker-ros2-rover-simulation/install/rover_gz_description/share/rover_gz_description/models/sun/model-1_2.sdf
[4.276s] -- Installing: /src/docker-ros2-rover-simulation/install/rover_gz_description/share/rover_gz_description/models/sun/model-1_4.sdf
[4.277s] -- Installing: /src/docker-ros2-rover-simulation/install/rover_gz_description/share/rover_gz_description/models/sun/model.config
[4.277s] -- Installing: /src/docker-ros2-rover-simulation/install/rover_gz_description/share/rover_gz_description/models/sun/model-1_3.sdf
[4.277s] -- Installing: /src/docker-ros2-rover-simulation/install/rover_gz_description/share/rover_gz_description/models/ground_plane
[4.277s] -- Installing: /src/docker-ros2-rover-simulation/install/rover_gz_description/share/rover_gz_description/models/ground_plane/model.sdf
[4.278s] -- Installing: /src/docker-ros2-rover-simulation/install/rover_gz_description/share/rover_gz_description/models/ground_plane/model-1_2.sdf
[4.278s] -- Installing: /src/docker-ros2-rover-simulation/install/rover_gz_description/share/rover_gz_description/models/ground_plane/model-1_4.sdf
[4.278s] -- Installing: /src/docker-ros2-rover-simulation/install/rover_gz_description/share/rover_gz_description/models/ground_plane/model.config
[4.279s] -- Installing: /src/docker-ros2-rover-simulation/install/rover_gz_description/share/rover_gz_description/models/ground_plane/model-1_3.sdf
[4.279s] -- Installing: /src/docker-ros2-rover-simulation/install/rover_gz_description/share/rover_gz_description/rviz
[4.279s] -- Installing: /src/docker-ros2-rover-simulation/install/rover_gz_description/share/rover_gz_description/rviz/rover.rviz
[4.280s] -- Installing: /src/docker-ros2-rover-simulation/install/rover_gz_description/share/ament_index/resource_index/package_run_dependencies/rover_gz_description
[4.280s] -- Installing: /src/docker-ros2-rover-simulation/install/rover_gz_description/share/ament_index/resource_index/parent_prefix_path/rover_gz_description
[4.280s] -- Installing: /src/docker-ros2-rover-simulation/install/rover_gz_description/share/rover_gz_description/environment/ament_prefix_path.sh
[4.282s] -- Installing: /src/docker-ros2-rover-simulation/install/rover_gz_description/share/rover_gz_description/environment/ament_prefix_path.dsv
[4.285s] -- Installing: /src/docker-ros2-rover-simulation/install/rover_gz_description/share/rover_gz_description/environment/path.sh
[4.286s] -- Installing: /src/docker-ros2-rover-simulation/install/rover_gz_description/share/rover_gz_description/environment/path.dsv
[4.286s] -- Installing: /src/docker-ros2-rover-simulation/install/rover_gz_description/share/rover_gz_description/local_setup.bash
[4.287s] -- Installing: /src/docker-ros2-rover-simulation/install/rover_gz_description/share/rover_gz_description/local_setup.sh
[4.287s] -- Installing: /src/docker-ros2-rover-simulation/install/rover_gz_description/share/rover_gz_description/local_setup.zsh
[4.288s] -- Installing: /src/docker-ros2-rover-simulation/install/rover_gz_description/share/rover_gz_description/local_setup.dsv
[4.288s] -- Installing: /src/docker-ros2-rover-simulation/install/rover_gz_description/share/rover_gz_description/package.dsv
[4.288s] -- Installing: /src/docker-ros2-rover-simulation/install/rover_gz_description/share/ament_index/resource_index/packages/rover_gz_description
[4.288s] -- Installing: /src/docker-ros2-rover-simulation/install/rover_gz_description/share/rover_gz_description/cmake/rover_gz_descriptionConfig.cmake
[4.288s] -- Installing: /src/docker-ros2-rover-simulation/install/rover_gz_description/share/rover_gz_description/cmake/rover_gz_descriptionConfig-version.cmake
[4.288s] -- Installing: /src/docker-ros2-rover-simulation/install/rover_gz_description/share/rover_gz_description/package.xml
[4.291s] Invoked command in '/src/docker-ros2-rover-simulation/build/rover_gz_description' returned '0': CMAKE_PREFIX_PATH=${CMAKE_PREFIX_PATH}:/src/docker-ros2-rover-simulation/install/publisher_velocity:/opt/ros/foxy /usr/bin/cmake --install /src/docker-ros2-rover-simulation/build/rover_gz_description
