[0.560s] DEBUG:colcon:Command line arguments: ['/usr/bin/colcon', 'build']
[0.560s] DEBUG:colcon:Parsed command line arguments: Namespace(ament_cmake_args=None, base_paths=['.'], build_base='build', catkin_cmake_args=None, catkin_skip_building_tests=False, cmake_args=None, cmake_clean_cache=False, cmake_clean_first=False, cmake_force_configure=False, cmake_target=None, cmake_target_skip_unavailable=False, continue_on_error=False, event_handlers=None, executor='parallel', ignore_user_meta=False, install_base='install', log_base=None, log_level=None, main=<bound method BuildVerb.main of <colcon_core.verb.build.BuildVerb object at 0x7adff09d3ee0>>, merge_install=False, metas=['./colcon.meta'], mixin=None, mixin_files=None, mixin_verb=('build',), packages_above=None, packages_above_and_dependencies=None, packages_above_depth=None, packages_end=None, packages_ignore=None, packages_ignore_regex=None, packages_select=None, packages_select_build_failed=False, packages_select_by_dep=None, packages_select_regex=None, packages_select_test_failures=False, packages_skip=None, packages_skip_build_finished=False, packages_skip_by_dep=None, packages_skip_regex=None, packages_skip_test_passed=False, packages_skip_up_to=None, packages_start=None, packages_up_to=None, packages_up_to_regex=None, parallel_workers=4, paths=None, symlink_install=False, test_result_base=None, verb_extension=<colcon_core.verb.build.BuildVerb object at 0x7adff09d3ee0>, verb_name='build', verb_parser=<colcon_mixin.mixin.mixin_argument.MixinArgumentDecorator object at 0x7adff08ca190>)
[0.963s] Level 1:colcon.colcon_core.package_discovery:discover_packages(colcon_meta) check parameters
[0.963s] Level 1:colcon.colcon_core.package_discovery:discover_packages(recursive) check parameters
[0.963s] Level 1:colcon.colcon_core.package_discovery:discover_packages(ignore) check parameters
[0.963s] Level 1:colcon.colcon_core.package_discovery:discover_packages(path) check parameters
[0.963s] Level 1:colcon.colcon_core.package_discovery:discover_packages(colcon_meta) discover
[0.963s] Level 1:colcon.colcon_core.package_discovery:discover_packages(recursive) discover
[0.963s] INFO:colcon.colcon_core.package_discovery:Crawling recursively for packages in '/src/docker-ros2-rover-simulation'
[0.963s] Level 1:colcon.colcon_core.package_identification:_identify(.) by extensions ['ignore', 'ignore_ament_install']
[0.964s] Level 1:colcon.colcon_core.package_identification:_identify(.) by extension 'ignore'
[0.964s] Level 1:colcon.colcon_core.package_identification:_identify(.) by extension 'ignore_ament_install'
[0.964s] Level 1:colcon.colcon_core.package_identification:_identify(.) by extensions ['colcon_pkg']
[0.964s] Level 1:colcon.colcon_core.package_identification:_identify(.) by extension 'colcon_pkg'
[0.964s] Level 1:colcon.colcon_core.package_identification:_identify(.) by extensions ['colcon_meta']
[0.964s] Level 1:colcon.colcon_core.package_identification:_identify(.) by extension 'colcon_meta'
[0.964s] Level 1:colcon.colcon_core.package_identification:_identify(.) by extensions ['ros']
[0.964s] Level 1:colcon.colcon_core.package_identification:_identify(.) by extension 'ros'
[0.992s] Level 1:colcon.colcon_core.package_identification:_identify(.) by extensions ['cmake', 'python']
[0.992s] Level 1:colcon.colcon_core.package_identification:_identify(.) by extension 'cmake'
[0.992s] Level 1:colcon.colcon_core.package_identification:_identify(.) by extension 'python'
[0.992s] Level 1:colcon.colcon_core.package_identification:_identify(.) by extensions ['python_setup_py']
[0.992s] Level 1:colcon.colcon_core.package_identification:_identify(.) by extension 'python_setup_py'
[0.993s] Level 1:colcon.colcon_core.package_identification:_identify(build) by extensions ['ignore', 'ignore_ament_install']
[0.993s] Level 1:colcon.colcon_core.package_identification:_identify(build) by extension 'ignore'
[0.993s] Level 1:colcon.colcon_core.package_identification:_identify(build) ignored
[0.993s] Level 1:colcon.colcon_core.package_identification:_identify(install) by extensions ['ignore', 'ignore_ament_install']
[0.993s] Level 1:colcon.colcon_core.package_identification:_identify(install) by extension 'ignore'
[0.993s] Level 1:colcon.colcon_core.package_identification:_identify(install) ignored
[0.994s] Level 1:colcon.colcon_core.package_identification:_identify(log) by extensions ['ignore', 'ignore_ament_install']
[0.994s] Level 1:colcon.colcon_core.package_identification:_identify(log) by extension 'ignore'
[0.994s] Level 1:colcon.colcon_core.package_identification:_identify(log) ignored
[0.994s] Level 1:colcon.colcon_core.package_identification:_identify(src) by extensions ['ignore', 'ignore_ament_install']
[0.994s] Level 1:colcon.colcon_core.package_identification:_identify(src) by extension 'ignore'
[0.994s] Level 1:colcon.colcon_core.package_identification:_identify(src) by extension 'ignore_ament_install'
[0.994s] Level 1:colcon.colcon_core.package_identification:_identify(src) by extensions ['colcon_pkg']
[0.994s] Level 1:colcon.colcon_core.package_identification:_identify(src) by extension 'colcon_pkg'
[0.995s] Level 1:colcon.colcon_core.package_identification:_identify(src) by extensions ['colcon_meta']
[0.995s] Level 1:colcon.colcon_core.package_identification:_identify(src) by extension 'colcon_meta'
[0.995s] Level 1:colcon.colcon_core.package_identification:_identify(src) by extensions ['ros']
[0.996s] Level 1:colcon.colcon_core.package_identification:_identify(src) by extension 'ros'
[0.999s] Level 1:colcon.colcon_core.package_identification:_identify(src) by extensions ['cmake', 'python']
[0.999s] Level 1:colcon.colcon_core.package_identification:_identify(src) by extension 'cmake'
[1.000s] Level 1:colcon.colcon_core.package_identification:_identify(src) by extension 'python'
[1.000s] Level 1:colcon.colcon_core.package_identification:_identify(src) by extensions ['python_setup_py']
[1.000s] Level 1:colcon.colcon_core.package_identification:_identify(src) by extension 'python_setup_py'
[1.001s] Level 1:colcon.colcon_core.package_identification:_identify(src/publisher_velocity) by extensions ['ignore', 'ignore_ament_install']
[1.001s] Level 1:colcon.colcon_core.package_identification:_identify(src/publisher_velocity) by extension 'ignore'
[1.002s] Level 1:colcon.colcon_core.package_identification:_identify(src/publisher_velocity) by extension 'ignore_ament_install'
[1.002s] Level 1:colcon.colcon_core.package_identification:_identify(src/publisher_velocity) by extensions ['colcon_pkg']
[1.002s] Level 1:colcon.colcon_core.package_identification:_identify(src/publisher_velocity) by extension 'colcon_pkg'
[1.003s] Level 1:colcon.colcon_core.package_identification:_identify(src/publisher_velocity) by extensions ['colcon_meta']
[1.003s] Level 1:colcon.colcon_core.package_identification:_identify(src/publisher_velocity) by extension 'colcon_meta'
[1.003s] Level 1:colcon.colcon_core.package_identification:_identify(src/publisher_velocity) by extensions ['ros']
[1.003s] Level 1:colcon.colcon_core.package_identification:_identify(src/publisher_velocity) by extension 'ros'
[1.007s] DEBUG:colcon.colcon_core.package_identification:Package 'src/publisher_velocity' with type 'ros.ament_python' and name 'publisher_velocity'
[1.007s] Level 1:colcon.colcon_core.package_identification:_identify(src/rover_gz_description) by extensions ['ignore', 'ignore_ament_install']
[1.008s] Level 1:colcon.colcon_core.package_identification:_identify(src/rover_gz_description) by extension 'ignore'
[1.009s] Level 1:colcon.colcon_core.package_identification:_identify(src/rover_gz_description) by extension 'ignore_ament_install'
[1.010s] Level 1:colcon.colcon_core.package_identification:_identify(src/rover_gz_description) by extensions ['colcon_pkg']
[1.011s] Level 1:colcon.colcon_core.package_identification:_identify(src/rover_gz_description) by extension 'colcon_pkg'
[1.012s] Level 1:colcon.colcon_core.package_identification:_identify(src/rover_gz_description) by extensions ['colcon_meta']
[1.012s] Level 1:colcon.colcon_core.package_identification:_identify(src/rover_gz_description) by extension 'colcon_meta'
[1.013s] Level 1:colcon.colcon_core.package_identification:_identify(src/rover_gz_description) by extensions ['ros']
[1.013s] Level 1:colcon.colcon_core.package_identification:_identify(src/rover_gz_description) by extension 'ros'
[1.015s] DEBUG:colcon.colcon_core.package_identification:Package 'src/rover_gz_description' with type 'ros.ament_cmake' and name 'rover_gz_description'
[1.015s] Level 1:colcon.colcon_core.package_discovery:discover_packages(recursive) using defaults
[1.015s] Level 1:colcon.colcon_core.package_discovery:discover_packages(ignore) discover
[1.015s] Level 1:colcon.colcon_core.package_discovery:discover_packages(ignore) using defaults
[1.015s] Level 1:colcon.colcon_core.package_discovery:discover_packages(path) discover
[1.016s] Level 1:colcon.colcon_core.package_discovery:discover_packages(path) using defaults
[1.054s] Level 5:colcon.colcon_core.verb:set package 'publisher_velocity' build argument 'cmake_args' from command line to 'None'
[1.054s] Level 5:colcon.colcon_core.verb:set package 'publisher_velocity' build argument 'cmake_target' from command line to 'None'
[1.054s] Level 5:colcon.colcon_core.verb:set package 'publisher_velocity' build argument 'cmake_target_skip_unavailable' from command line to 'False'
[1.054s] Level 5:colcon.colcon_core.verb:set package 'publisher_velocity' build argument 'cmake_clean_cache' from command line to 'False'
[1.054s] Level 5:colcon.colcon_core.verb:set package 'publisher_velocity' build argument 'cmake_clean_first' from command line to 'False'
[1.054s] Level 5:colcon.colcon_core.verb:set package 'publisher_velocity' build argument 'cmake_force_configure' from command line to 'False'
[1.054s] Level 5:colcon.colcon_core.verb:set package 'publisher_velocity' build argument 'ament_cmake_args' from command line to 'None'
[1.054s] Level 5:colcon.colcon_core.verb:set package 'publisher_velocity' build argument 'catkin_cmake_args' from command line to 'None'
[1.054s] Level 5:colcon.colcon_core.verb:set package 'publisher_velocity' build argument 'catkin_skip_building_tests' from command line to 'False'
[1.054s] DEBUG:colcon.colcon_core.verb:Building package 'publisher_velocity' with the following arguments: {'ament_cmake_args': None, 'build_base': '/src/docker-ros2-rover-simulation/build/publisher_velocity', 'catkin_cmake_args': None, 'catkin_skip_building_tests': False, 'cmake_args': None, 'cmake_clean_cache': False, 'cmake_clean_first': False, 'cmake_force_configure': False, 'cmake_target': None, 'cmake_target_skip_unavailable': False, 'install_base': '/src/docker-ros2-rover-simulation/install/publisher_velocity', 'merge_install': False, 'path': '/src/docker-ros2-rover-simulation/src/publisher_velocity', 'symlink_install': False, 'test_result_base': None}
[1.055s] Level 5:colcon.colcon_core.verb:set package 'rover_gz_description' build argument 'cmake_args' from command line to 'None'
[1.055s] Level 5:colcon.colcon_core.verb:set package 'rover_gz_description' build argument 'cmake_target' from command line to 'None'
[1.055s] Level 5:colcon.colcon_core.verb:set package 'rover_gz_description' build argument 'cmake_target_skip_unavailable' from command line to 'False'
[1.055s] Level 5:colcon.colcon_core.verb:set package 'rover_gz_description' build argument 'cmake_clean_cache' from command line to 'False'
[1.055s] Level 5:colcon.colcon_core.verb:set package 'rover_gz_description' build argument 'cmake_clean_first' from command line to 'False'
[1.055s] Level 5:colcon.colcon_core.verb:set package 'rover_gz_description' build argument 'cmake_force_configure' from command line to 'False'
[1.055s] Level 5:colcon.colcon_core.verb:set package 'rover_gz_description' build argument 'ament_cmake_args' from command line to 'None'
[1.055s] Level 5:colcon.colcon_core.verb:set package 'rover_gz_description' build argument 'catkin_cmake_args' from command line to 'None'
[1.055s] Level 5:colcon.colcon_core.verb:set package 'rover_gz_description' build argument 'catkin_skip_building_tests' from command line to 'False'
[1.055s] DEBUG:colcon.colcon_core.verb:Building package 'rover_gz_description' with the following arguments: {'ament_cmake_args': None, 'build_base': '/src/docker-ros2-rover-simulation/build/rover_gz_description', 'catkin_cmake_args': None, 'catkin_skip_building_tests': False, 'cmake_args': None, 'cmake_clean_cache': False, 'cmake_clean_first': False, 'cmake_force_configure': False, 'cmake_target': None, 'cmake_target_skip_unavailable': False, 'install_base': '/src/docker-ros2-rover-simulation/install/rover_gz_description', 'merge_install': False, 'path': '/src/docker-ros2-rover-simulation/src/rover_gz_description', 'symlink_install': False, 'test_result_base': None}
[1.056s] INFO:colcon.colcon_core.executor:Executing jobs using 'parallel' executor
[1.062s] DEBUG:colcon.colcon_parallel_executor.executor.parallel:run_until_complete
[1.063s] INFO:colcon.colcon_ros.task.ament_python.build:Building ROS package in '/src/docker-ros2-rover-simulation/src/publisher_velocity' with build type 'ament_python'
[1.063s] Level 1:colcon.colcon_core.shell:create_environment_hook('publisher_velocity', 'ament_prefix_path')
[1.066s] INFO:colcon.colcon_core.plugin_system:Skipping extension 'colcon_core.shell.bat': Not used on non-Windows systems
[1.067s] INFO:colcon.colcon_core.shell:Creating environment hook '/src/docker-ros2-rover-simulation/install/publisher_velocity/share/publisher_velocity/hook/ament_prefix_path.ps1'
[1.068s] INFO:colcon.colcon_core.shell:Creating environment descriptor '/src/docker-ros2-rover-simulation/install/publisher_velocity/share/publisher_velocity/hook/ament_prefix_path.dsv'
[1.068s] INFO:colcon.colcon_core.shell:Creating environment hook '/src/docker-ros2-rover-simulation/install/publisher_velocity/share/publisher_velocity/hook/ament_prefix_path.sh'
[1.070s] INFO:colcon.colcon_core.shell:Skip shell extension 'powershell' for command environment: Not usable outside of PowerShell
[1.070s] DEBUG:colcon.colcon_core.shell:Skip shell extension 'dsv' for command environment
[1.072s] WARNING:colcon.colcon_ros.prefix_path.ament:The path '/src/docker-ros2-rover-simulation/install/rover_gz_description' in the environment variable AMENT_PREFIX_PATH doesn't exist
[1.072s] WARNING:colcon.colcon_ros.prefix_path.catkin:The path '/src/docker-ros2-rover-simulation/install/rover_gz_description' in the environment variable CMAKE_PREFIX_PATH doesn't exist
[1.094s] INFO:colcon.colcon_ros.task.ament_cmake.build:Building ROS package in '/src/docker-ros2-rover-simulation/src/rover_gz_description' with build type 'ament_cmake'
[1.096s] INFO:colcon.colcon_cmake.task.cmake.build:Building CMake package in '/src/docker-ros2-rover-simulation/src/rover_gz_description'
[1.098s] INFO:colcon.colcon_core.shell:Skip shell extension 'powershell' for command environment: Not usable outside of PowerShell
[1.098s] DEBUG:colcon.colcon_core.shell:Skip shell extension 'dsv' for command environment
[1.663s] INFO:colcon.colcon_core.task.python.build:Building Python package in '/src/docker-ros2-rover-simulation/src/publisher_velocity'
[1.664s] INFO:colcon.colcon_core.shell:Skip shell extension 'powershell' for command environment: Not usable outside of PowerShell
[1.665s] DEBUG:colcon.colcon_core.shell:Skip shell extension 'dsv' for command environment
[1.681s] DEBUG:colcon.colcon_core.event_handler.log_command:Invoking command in '/src/docker-ros2-rover-simulation/build/rover_gz_description': CMAKE_PREFIX_PATH=${CMAKE_PREFIX_PATH}:/src/docker-ros2-rover-simulation/install/publisher_velocity:/opt/ros/foxy /usr/bin/cmake /src/docker-ros2-rover-simulation/src/rover_gz_description -DCMAKE_INSTALL_PREFIX=/src/docker-ros2-rover-simulation/install/rover_gz_description
[2.824s] DEBUG:colcon.colcon_core.event_handler.log_command:Invoking command in '/src/docker-ros2-rover-simulation/src/publisher_velocity': PYTHONPATH=/src/docker-ros2-rover-simulation/build/publisher_velocity/prefix_override:/src/docker-ros2-rover-simulation/install/publisher_velocity/lib/python3.8/site-packages:${PYTHONPATH} /usr/bin/python3 -W ignore:setup.py install is deprecated setup.py egg_info --egg-base ../../build/publisher_velocity build --build-base /src/docker-ros2-rover-simulation/build/publisher_velocity/build install --record /src/docker-ros2-rover-simulation/build/publisher_velocity/install.log --install-scripts $base/lib/publisher_velocity --single-version-externally-managed install_data
[3.836s] DEBUG:colcon.colcon_core.event_handler.log_command:Invoked command in '/src/docker-ros2-rover-simulation/src/publisher_velocity' returned '0': PYTHONPATH=/src/docker-ros2-rover-simulation/build/publisher_velocity/prefix_override:/src/docker-ros2-rover-simulation/install/publisher_velocity/lib/python3.8/site-packages:${PYTHONPATH} /usr/bin/python3 -W ignore:setup.py install is deprecated setup.py egg_info --egg-base ../../build/publisher_velocity build --build-base /src/docker-ros2-rover-simulation/build/publisher_velocity/build install --record /src/docker-ros2-rover-simulation/build/publisher_velocity/install.log --install-scripts $base/lib/publisher_velocity --single-version-externally-managed install_data
[3.855s] Level 1:colcon.colcon_core.environment:checking '/src/docker-ros2-rover-simulation/install/publisher_velocity' for CMake module files
[3.855s] Level 1:colcon.colcon_core.environment:checking '/src/docker-ros2-rover-simulation/install/publisher_velocity' for CMake config files
[3.857s] Level 1:colcon.colcon_core.environment:checking '/src/docker-ros2-rover-simulation/install/publisher_velocity/lib'
[3.858s] Level 1:colcon.colcon_core.environment:checking '/src/docker-ros2-rover-simulation/install/publisher_velocity/bin'
[3.858s] Level 1:colcon.colcon_core.environment:checking '/src/docker-ros2-rover-simulation/install/publisher_velocity/lib/pkgconfig/publisher_velocity.pc'
[3.859s] Level 1:colcon.colcon_core.environment:checking '/src/docker-ros2-rover-simulation/install/publisher_velocity/lib/python3.8/site-packages'
[3.859s] Level 1:colcon.colcon_core.shell:create_environment_hook('publisher_velocity', 'pythonpath')
[3.859s] INFO:colcon.colcon_core.shell:Creating environment hook '/src/docker-ros2-rover-simulation/install/publisher_velocity/share/publisher_velocity/hook/pythonpath.ps1'
[3.860s] INFO:colcon.colcon_core.shell:Creating environment descriptor '/src/docker-ros2-rover-simulation/install/publisher_velocity/share/publisher_velocity/hook/pythonpath.dsv'
[3.862s] INFO:colcon.colcon_core.shell:Creating environment hook '/src/docker-ros2-rover-simulation/install/publisher_velocity/share/publisher_velocity/hook/pythonpath.sh'
[3.862s] Level 1:colcon.colcon_core.environment:checking '/src/docker-ros2-rover-simulation/install/publisher_velocity/bin'
[3.863s] Level 1:colcon.colcon_core.environment:create_environment_scripts_only(publisher_velocity)
[3.863s] INFO:colcon.colcon_core.shell:Creating package script '/src/docker-ros2-rover-simulation/install/publisher_velocity/share/publisher_velocity/package.ps1'
[3.870s] INFO:colcon.colcon_core.shell:Creating package descriptor '/src/docker-ros2-rover-simulation/install/publisher_velocity/share/publisher_velocity/package.dsv'
[3.879s] INFO:colcon.colcon_core.shell:Creating package script '/src/docker-ros2-rover-simulation/install/publisher_velocity/share/publisher_velocity/package.sh'
[3.882s] INFO:colcon.colcon_core.shell:Creating package script '/src/docker-ros2-rover-simulation/install/publisher_velocity/share/publisher_velocity/package.bash'
[3.884s] INFO:colcon.colcon_core.shell:Creating package script '/src/docker-ros2-rover-simulation/install/publisher_velocity/share/publisher_velocity/package.zsh'
[3.886s] Level 1:colcon.colcon_core.environment:create_file_with_runtime_dependencies(/src/docker-ros2-rover-simulation/install/publisher_velocity/share/colcon-core/packages/publisher_velocity)
[4.991s] DEBUG:colcon.colcon_core.event_handler.log_command:Invoked command in '/src/docker-ros2-rover-simulation/build/rover_gz_description' returned '0': CMAKE_PREFIX_PATH=${CMAKE_PREFIX_PATH}:/src/docker-ros2-rover-simulation/install/publisher_velocity:/opt/ros/foxy /usr/bin/cmake /src/docker-ros2-rover-simulation/src/rover_gz_description -DCMAKE_INSTALL_PREFIX=/src/docker-ros2-rover-simulation/install/rover_gz_description
[5.002s] DEBUG:colcon.colcon_core.event_handler.log_command:Invoking command in '/src/docker-ros2-rover-simulation/build/rover_gz_description': CMAKE_PREFIX_PATH=${CMAKE_PREFIX_PATH}:/src/docker-ros2-rover-simulation/install/publisher_velocity:/opt/ros/foxy /usr/bin/cmake --build /src/docker-ros2-rover-simulation/build/rover_gz_description -- -j4 -l4
[5.116s] DEBUG:colcon.colcon_core.event_handler.log_command:Invoked command in '/src/docker-ros2-rover-simulation/build/rover_gz_description' returned '0': CMAKE_PREFIX_PATH=${CMAKE_PREFIX_PATH}:/src/docker-ros2-rover-simulation/install/publisher_velocity:/opt/ros/foxy /usr/bin/cmake --build /src/docker-ros2-rover-simulation/build/rover_gz_description -- -j4 -l4
[5.222s] DEBUG:colcon.colcon_core.event_handler.log_command:Invoking command in '/src/docker-ros2-rover-simulation/build/rover_gz_description': CMAKE_PREFIX_PATH=${CMAKE_PREFIX_PATH}:/src/docker-ros2-rover-simulation/install/publisher_velocity:/opt/ros/foxy /usr/bin/cmake --install /src/docker-ros2-rover-simulation/build/rover_gz_description
[5.385s] Level 1:colcon.colcon_core.environment:create_environment_scripts_only(rover_gz_description)
[5.386s] Level 1:colcon.colcon_core.environment:checking '/src/docker-ros2-rover-simulation/install/rover_gz_description' for CMake module files
[5.386s] DEBUG:colcon.colcon_core.event_handler.log_command:Invoked command in '/src/docker-ros2-rover-simulation/build/rover_gz_description' returned '0': CMAKE_PREFIX_PATH=${CMAKE_PREFIX_PATH}:/src/docker-ros2-rover-simulation/install/publisher_velocity:/opt/ros/foxy /usr/bin/cmake --install /src/docker-ros2-rover-simulation/build/rover_gz_description
[5.387s] Level 1:colcon.colcon_core.environment:checking '/src/docker-ros2-rover-simulation/install/rover_gz_description' for CMake config files
[5.387s] Level 1:colcon.colcon_core.shell:create_environment_hook('rover_gz_description', 'cmake_prefix_path')
[5.388s] INFO:colcon.colcon_core.shell:Creating environment hook '/src/docker-ros2-rover-simulation/install/rover_gz_description/share/rover_gz_description/hook/cmake_prefix_path.ps1'
[5.389s] INFO:colcon.colcon_core.shell:Creating environment descriptor '/src/docker-ros2-rover-simulation/install/rover_gz_description/share/rover_gz_description/hook/cmake_prefix_path.dsv'
[5.389s] INFO:colcon.colcon_core.shell:Creating environment hook '/src/docker-ros2-rover-simulation/install/rover_gz_description/share/rover_gz_description/hook/cmake_prefix_path.sh'
[5.390s] Level 1:colcon.colcon_core.environment:checking '/src/docker-ros2-rover-simulation/install/rover_gz_description/bin'
[5.390s] Level 1:colcon.colcon_core.environment:checking '/src/docker-ros2-rover-simulation/install/rover_gz_description/lib/pkgconfig/rover_gz_description.pc'
[5.390s] Level 1:colcon.colcon_core.environment:checking '/src/docker-ros2-rover-simulation/install/rover_gz_description/lib/python3.8/site-packages'
[5.390s] Level 1:colcon.colcon_core.environment:checking '/src/docker-ros2-rover-simulation/install/rover_gz_description/bin'
[5.391s] INFO:colcon.colcon_core.shell:Creating package script '/src/docker-ros2-rover-simulation/install/rover_gz_description/share/rover_gz_description/package.ps1'
[5.391s] INFO:colcon.colcon_core.shell:Creating package descriptor '/src/docker-ros2-rover-simulation/install/rover_gz_description/share/rover_gz_description/package.dsv'
[5.392s] INFO:colcon.colcon_core.shell:Creating package script '/src/docker-ros2-rover-simulation/install/rover_gz_description/share/rover_gz_description/package.sh'
[5.394s] INFO:colcon.colcon_core.shell:Creating package script '/src/docker-ros2-rover-simulation/install/rover_gz_description/share/rover_gz_description/package.bash'
[5.397s] INFO:colcon.colcon_core.shell:Creating package script '/src/docker-ros2-rover-simulation/install/rover_gz_description/share/rover_gz_description/package.zsh'
[5.398s] Level 1:colcon.colcon_core.environment:create_file_with_runtime_dependencies(/src/docker-ros2-rover-simulation/install/rover_gz_description/share/colcon-core/packages/rover_gz_description)
[5.446s] Level 1:colcon.colcon_core.environment:create_environment_scripts_only(rover_gz_description)
[5.447s] Level 1:colcon.colcon_core.environment:checking '/src/docker-ros2-rover-simulation/install/rover_gz_description' for CMake module files
[5.448s] Level 1:colcon.colcon_core.environment:checking '/src/docker-ros2-rover-simulation/install/rover_gz_description' for CMake config files
[5.449s] Level 1:colcon.colcon_core.shell:create_environment_hook('rover_gz_description', 'cmake_prefix_path')
[5.449s] INFO:colcon.colcon_core.shell:Creating environment hook '/src/docker-ros2-rover-simulation/install/rover_gz_description/share/rover_gz_description/hook/cmake_prefix_path.ps1'
[5.450s] INFO:colcon.colcon_core.shell:Creating environment descriptor '/src/docker-ros2-rover-simulation/install/rover_gz_description/share/rover_gz_description/hook/cmake_prefix_path.dsv'
[5.451s] INFO:colcon.colcon_core.shell:Creating environment hook '/src/docker-ros2-rover-simulation/install/rover_gz_description/share/rover_gz_description/hook/cmake_prefix_path.sh'
[5.452s] Level 1:colcon.colcon_core.environment:checking '/src/docker-ros2-rover-simulation/install/rover_gz_description/bin'
[5.452s] Level 1:colcon.colcon_core.environment:checking '/src/docker-ros2-rover-simulation/install/rover_gz_description/lib/pkgconfig/rover_gz_description.pc'
[5.452s] Level 1:colcon.colcon_core.environment:checking '/src/docker-ros2-rover-simulation/install/rover_gz_description/lib/python3.8/site-packages'
[5.452s] Level 1:colcon.colcon_core.environment:checking '/src/docker-ros2-rover-simulation/install/rover_gz_description/bin'
[5.453s] INFO:colcon.colcon_core.shell:Creating package script '/src/docker-ros2-rover-simulation/install/rover_gz_description/share/rover_gz_description/package.ps1'
[5.454s] INFO:colcon.colcon_core.shell:Creating package descriptor '/src/docker-ros2-rover-simulation/install/rover_gz_description/share/rover_gz_description/package.dsv'
[5.454s] INFO:colcon.colcon_core.shell:Creating package script '/src/docker-ros2-rover-simulation/install/rover_gz_description/share/rover_gz_description/package.sh'
[5.455s] INFO:colcon.colcon_core.shell:Creating package script '/src/docker-ros2-rover-simulation/install/rover_gz_description/share/rover_gz_description/package.bash'
[5.455s] INFO:colcon.colcon_core.shell:Creating package script '/src/docker-ros2-rover-simulation/install/rover_gz_description/share/rover_gz_description/package.zsh'
[5.456s] Level 1:colcon.colcon_core.environment:create_file_with_runtime_dependencies(/src/docker-ros2-rover-simulation/install/rover_gz_description/share/colcon-core/packages/rover_gz_description)
[5.456s] DEBUG:colcon.colcon_parallel_executor.executor.parallel:closing loop
[5.457s] DEBUG:colcon.colcon_parallel_executor.executor.parallel:loop closed
[5.457s] DEBUG:colcon.colcon_parallel_executor.executor.parallel:run_until_complete finished with '0'
[5.457s] DEBUG:colcon.colcon_core.event_reactor:joining thread
[5.472s] INFO:colcon.colcon_core.plugin_system:Skipping extension 'colcon_notification.desktop_notification.notify_send': Could not find 'notify-send'
[5.472s] INFO:colcon.colcon_core.plugin_system:Skipping extension 'colcon_notification.desktop_notification.terminal_notifier': Not used on non-Darwin systems
[5.472s] INFO:colcon.colcon_core.plugin_system:Skipping extension 'colcon_notification.desktop_notification.win32': Not used on non-Windows systems
[5.472s] INFO:colcon.colcon_notification.desktop_notification:Sending desktop notification using 'notify2'
[5.481s] DEBUG:colcon.colcon_notification.desktop_notification.notify2:Failed to initialize notify2: org.freedesktop.DBus.Error.ServiceUnknown: The name org.freedesktop.Notifications was not provided by any .service files
[5.482s] DEBUG:colcon.colcon_core.event_reactor:joined thread
[5.482s] INFO:colcon.colcon_core.shell:Creating prefix script '/src/docker-ros2-rover-simulation/install/local_setup.ps1'
[5.488s] INFO:colcon.colcon_core.shell:Creating prefix util module '/src/docker-ros2-rover-simulation/install/_local_setup_util_ps1.py'
[5.492s] INFO:colcon.colcon_core.shell:Creating prefix chain script '/src/docker-ros2-rover-simulation/install/setup.ps1'
[5.495s] INFO:colcon.colcon_core.shell:Creating prefix script '/src/docker-ros2-rover-simulation/install/local_setup.sh'
[5.498s] INFO:colcon.colcon_core.shell:Creating prefix util module '/src/docker-ros2-rover-simulation/install/_local_setup_util_sh.py'
[5.500s] INFO:colcon.colcon_core.shell:Creating prefix chain script '/src/docker-ros2-rover-simulation/install/setup.sh'
[5.507s] INFO:colcon.colcon_core.shell:Creating prefix script '/src/docker-ros2-rover-simulation/install/local_setup.bash'
[5.510s] INFO:colcon.colcon_core.shell:Creating prefix chain script '/src/docker-ros2-rover-simulation/install/setup.bash'
[5.517s] INFO:colcon.colcon_core.shell:Creating prefix script '/src/docker-ros2-rover-simulation/install/local_setup.zsh'
[5.519s] INFO:colcon.colcon_core.shell:Creating prefix chain script '/src/docker-ros2-rover-simulation/install/setup.zsh'
