-- Install configuration: ""
-- Up-to-date: /src/docker-ros2-rover-simulation/install/rover_gz_description/share/rover_gz_description/launch
-- Up-to-date: /src/docker-ros2-rover-simulation/install/rover_gz_description/share/rover_gz_description/launch/display.launch.py
-- Up-to-date: /src/docker-ros2-rover-simulation/install/rover_gz_description/share/rover_gz_description/launch/gazebo.launch.py
-- Up-to-date: /src/docker-ros2-rover-simulation/install/rover_gz_description/share/rover_gz_description/meshes
-- Up-to-date: /src/docker-ros2-rover-simulation/install/rover_gz_description/share/rover_gz_description/meshes/Camara_Link.STL
-- Up-to-date: /src/docker-ros2-rover-simulation/install/rover_gz_description/share/rover_gz_description/meshes/base_link.STL
-- Up-to-date: /src/docker-ros2-rover-simulation/install/rover_gz_description/share/rover_gz_description/meshes/Wheel2_Link.STL
-- Up-to-date: /src/docker-ros2-rover-simulation/install/rover_gz_description/share/rover_gz_description/meshes/ClassRover
-- Up-to-date: /src/docker-ros2-rover-simulation/install/rover_gz_description/share/rover_gz_description/meshes/ClassRover/caster_front_link.STL
-- Up-to-date: /src/docker-ros2-rover-simulation/install/rover_gz_description/share/rover_gz_description/meshes/ClassRover/imu_link.STL
-- Up-to-date: /src/docker-ros2-rover-simulation/install/rover_gz_description/share/rover_gz_description/meshes/ClassRover/laser_link.STL
-- Up-to-date: /src/docker-ros2-rover-simulation/install/rover_gz_description/share/rover_gz_description/meshes/ClassRover/caster_rear_link.STL
-- Up-to-date: /src/docker-ros2-rover-simulation/install/rover_gz_description/share/rover_gz_description/meshes/ClassRover/camera_link.STL
-- Up-to-date: /src/docker-ros2-rover-simulation/install/rover_gz_description/share/rover_gz_description/meshes/ClassRover/base_link.STL
-- Up-to-date: /src/docker-ros2-rover-simulation/install/rover_gz_description/share/rover_gz_description/meshes/ClassRover/wheel_right_link.STL
-- Up-to-date: /src/docker-ros2-rover-simulation/install/rover_gz_description/share/rover_gz_description/meshes/ClassRover/wheel_left_link.STL
-- Up-to-date: /src/docker-ros2-rover-simulation/install/rover_gz_description/share/rover_gz_description/meshes/Wheel1_Link.STL
-- Up-to-date: /src/docker-ros2-rover-simulation/install/rover_gz_description/share/rover_gz_description/urdf
-- Up-to-date: /src/docker-ros2-rover-simulation/install/rover_gz_description/share/rover_gz_description/urdf/rover.urdf
-- Installing: /src/docker-ros2-rover-simulation/install/rover_gz_description/share/rover_gz_description/urdf/LunarRover.urdf
-- Up-to-date: /src/docker-ros2-rover-simulation/install/rover_gz_description/share/rover_gz_description/models
-- Up-to-date: /src/docker-ros2-rover-simulation/install/rover_gz_description/share/rover_gz_description/models/sun
-- Up-to-date: /src/docker-ros2-rover-simulation/install/rover_gz_description/share/rover_gz_description/models/sun/model.sdf
-- Up-to-date: /src/docker-ros2-rover-simulation/install/rover_gz_description/share/rover_gz_description/models/sun/model-1_2.sdf
-- Up-to-date: /src/docker-ros2-rover-simulation/install/rover_gz_description/share/rover_gz_description/models/sun/model-1_4.sdf
-- Up-to-date: /src/docker-ros2-rover-simulation/install/rover_gz_description/share/rover_gz_description/models/sun/model.config
-- Up-to-date: /src/docker-ros2-rover-simulation/install/rover_gz_description/share/rover_gz_description/models/sun/model-1_3.sdf
-- Up-to-date: /src/docker-ros2-rover-simulation/install/rover_gz_description/share/rover_gz_description/models/ground_plane
-- Up-to-date: /src/docker-ros2-rover-simulation/install/rover_gz_description/share/rover_gz_description/models/ground_plane/model.sdf
-- Up-to-date: /src/docker-ros2-rover-simulation/install/rover_gz_description/share/rover_gz_description/models/ground_plane/model-1_2.sdf
-- Up-to-date: /src/docker-ros2-rover-simulation/install/rover_gz_description/share/rover_gz_description/models/ground_plane/model-1_4.sdf
-- Up-to-date: /src/docker-ros2-rover-simulation/install/rover_gz_description/share/rover_gz_description/models/ground_plane/model.config
-- Up-to-date: /src/docker-ros2-rover-simulation/install/rover_gz_description/share/rover_gz_description/models/ground_plane/model-1_3.sdf
-- Up-to-date: /src/docker-ros2-rover-simulation/install/rover_gz_description/share/rover_gz_description/rviz
-- Up-to-date: /src/docker-ros2-rover-simulation/install/rover_gz_description/share/rover_gz_description/rviz/rover.rviz
-- Up-to-date: /src/docker-ros2-rover-simulation/install/rover_gz_description/share/ament_index/resource_index/package_run_dependencies/rover_gz_description
-- Up-to-date: /src/docker-ros2-rover-simulation/install/rover_gz_description/share/ament_index/resource_index/parent_prefix_path/rover_gz_description
-- Up-to-date: /src/docker-ros2-rover-simulation/install/rover_gz_description/share/rover_gz_description/environment/ament_prefix_path.sh
-- Up-to-date: /src/docker-ros2-rover-simulation/install/rover_gz_description/share/rover_gz_description/environment/ament_prefix_path.dsv
-- Up-to-date: /src/docker-ros2-rover-simulation/install/rover_gz_description/share/rover_gz_description/environment/path.sh
-- Up-to-date: /src/docker-ros2-rover-simulation/install/rover_gz_description/share/rover_gz_description/environment/path.dsv
-- Up-to-date: /src/docker-ros2-rover-simulation/install/rover_gz_description/share/rover_gz_description/local_setup.bash
-- Up-to-date: /src/docker-ros2-rover-simulation/install/rover_gz_description/share/rover_gz_description/local_setup.sh
-- Up-to-date: /src/docker-ros2-rover-simulation/install/rover_gz_description/share/rover_gz_description/local_setup.zsh
-- Up-to-date: /src/docker-ros2-rover-simulation/install/rover_gz_description/share/rover_gz_description/local_setup.dsv
-- Installing: /src/docker-ros2-rover-simulation/install/rover_gz_description/share/rover_gz_description/package.dsv
-- Up-to-date: /src/docker-ros2-rover-simulation/install/rover_gz_description/share/ament_index/resource_index/packages/rover_gz_description
-- Up-to-date: /src/docker-ros2-rover-simulation/install/rover_gz_description/share/rover_gz_description/cmake/rover_gz_descriptionConfig.cmake
-- Up-to-date: /src/docker-ros2-rover-simulation/install/rover_gz_description/share/rover_gz_description/cmake/rover_gz_descriptionConfig-version.cmake
-- Up-to-date: /src/docker-ros2-rover-simulation/install/rover_gz_description/share/rover_gz_description/package.xml
