[0.798s] Invoking command in '/src/docker-ros2-rover-simulation/src/publisher_velocity': PYTHONPATH=/src/docker-ros2-rover-simulation/src/build/publisher_velocity/prefix_override:/src/docker-ros2-rover-simulation/src/install/publisher_velocity/lib/python3.8/site-packages:${PYTHONPATH} /usr/bin/python3 -W ignore:setup.py install is deprecated setup.py egg_info --egg-base ../build/publisher_velocity build --build-base /src/docker-ros2-rover-simulation/src/build/publisher_velocity/build install --record /src/docker-ros2-rover-simulation/src/build/publisher_velocity/install.log --install-scripts $base/lib/publisher_velocity --single-version-externally-managed install_data
[1.050s] running egg_info
[1.051s] creating ../build/publisher_velocity/publisher_velocity.egg-info
[1.051s] writing ../build/publisher_velocity/publisher_velocity.egg-info/PKG-INFO
[1.052s] writing dependency_links to ../build/publisher_velocity/publisher_velocity.egg-info/dependency_links.txt
[1.052s] writing entry points to ../build/publisher_velocity/publisher_velocity.egg-info/entry_points.txt
[1.052s] writing requirements to ../build/publisher_velocity/publisher_velocity.egg-info/requires.txt
[1.052s] writing top-level names to ../build/publisher_velocity/publisher_velocity.egg-info/top_level.txt
[1.054s] writing manifest file '../build/publisher_velocity/publisher_velocity.egg-info/SOURCES.txt'
[1.095s] reading manifest file '../build/publisher_velocity/publisher_velocity.egg-info/SOURCES.txt'
[1.097s] writing manifest file '../build/publisher_velocity/publisher_velocity.egg-info/SOURCES.txt'
[1.097s] running build
[1.097s] running build_py
[1.097s] creating /src/docker-ros2-rover-simulation/src/build/publisher_velocity/build
[1.097s] creating /src/docker-ros2-rover-simulation/src/build/publisher_velocity/build/lib
[1.097s] creating /src/docker-ros2-rover-simulation/src/build/publisher_velocity/build/lib/publisher_velocity
[1.098s] copying publisher_velocity/__init__.py -> /src/docker-ros2-rover-simulation/src/build/publisher_velocity/build/lib/publisher_velocity
[1.098s] copying publisher_velocity/publisher_cmd.py -> /src/docker-ros2-rover-simulation/src/build/publisher_velocity/build/lib/publisher_velocity
[1.098s] running install
[1.098s] running install_lib
[1.098s] creating /src/docker-ros2-rover-simulation/src/install/publisher_velocity/lib/python3.8/site-packages/publisher_velocity
[1.099s] copying /src/docker-ros2-rover-simulation/src/build/publisher_velocity/build/lib/publisher_velocity/__init__.py -> /src/docker-ros2-rover-simulation/src/install/publisher_velocity/lib/python3.8/site-packages/publisher_velocity
[1.099s] copying /src/docker-ros2-rover-simulation/src/build/publisher_velocity/build/lib/publisher_velocity/publisher_cmd.py -> /src/docker-ros2-rover-simulation/src/install/publisher_velocity/lib/python3.8/site-packages/publisher_velocity
[1.099s] byte-compiling /src/docker-ros2-rover-simulation/src/install/publisher_velocity/lib/python3.8/site-packages/publisher_velocity/__init__.py to __init__.cpython-38.pyc
[1.100s] byte-compiling /src/docker-ros2-rover-simulation/src/install/publisher_velocity/lib/python3.8/site-packages/publisher_velocity/publisher_cmd.py to publisher_cmd.cpython-38.pyc
[1.101s] running install_data
[1.101s] creating /src/docker-ros2-rover-simulation/src/install/publisher_velocity/share/ament_index
[1.102s] creating /src/docker-ros2-rover-simulation/src/install/publisher_velocity/share/ament_index/resource_index
[1.102s] creating /src/docker-ros2-rover-simulation/src/install/publisher_velocity/share/ament_index/resource_index/packages
[1.102s] copying resource/publisher_velocity -> /src/docker-ros2-rover-simulation/src/install/publisher_velocity/share/ament_index/resource_index/packages
[1.102s] copying package.xml -> /src/docker-ros2-rover-simulation/src/install/publisher_velocity/share/publisher_velocity
[1.102s] running install_egg_info
[1.104s] Copying ../build/publisher_velocity/publisher_velocity.egg-info to /src/docker-ros2-rover-simulation/src/install/publisher_velocity/lib/python3.8/site-packages/publisher_velocity-0.0.0-py3.8.egg-info
[1.105s] running install_scripts
[1.123s] writing list of installed files to '/src/docker-ros2-rover-simulation/src/build/publisher_velocity/install.log'
[1.158s] Invoked command in '/src/docker-ros2-rover-simulation/src/publisher_velocity' returned '0': PYTHONPATH=/src/docker-ros2-rover-simulation/src/build/publisher_velocity/prefix_override:/src/docker-ros2-rover-simulation/src/install/publisher_velocity/lib/python3.8/site-packages:${PYTHONPATH} /usr/bin/python3 -W ignore:setup.py install is deprecated setup.py egg_info --egg-base ../build/publisher_velocity build --build-base /src/docker-ros2-rover-simulation/src/build/publisher_velocity/build install --record /src/docker-ros2-rover-simulation/src/build/publisher_velocity/install.log --install-scripts $base/lib/publisher_velocity --single-version-externally-managed install_data
