[0.216s] DEBUG:colcon:Command line arguments: ['/usr/bin/colcon', 'build']
[0.216s] DEBUG:colcon:Parsed command line arguments: Namespace(ament_cmake_args=None, base_paths=['.'], build_base='build', catkin_cmake_args=None, catkin_skip_building_tests=False, cmake_args=None, cmake_clean_cache=False, cmake_clean_first=False, cmake_force_configure=False, cmake_target=None, cmake_target_skip_unavailable=False, continue_on_error=False, event_handlers=None, executor='parallel', ignore_user_meta=False, install_base='install', log_base=None, log_level=None, main=<bound method BuildVerb.main of <colcon_core.verb.build.BuildVerb object at 0x75941bce3f10>>, merge_install=False, metas=['./colcon.meta'], mixin=None, mixin_files=None, mixin_verb=('build',), packages_above=None, packages_above_and_dependencies=None, packages_above_depth=None, packages_end=None, packages_ignore=None, packages_ignore_regex=None, packages_select=None, packages_select_build_failed=False, packages_select_by_dep=None, packages_select_regex=None, packages_select_test_failures=False, packages_skip=None, packages_skip_build_finished=False, packages_skip_by_dep=None, packages_skip_regex=None, packages_skip_test_passed=False, packages_skip_up_to=None, packages_start=None, packages_up_to=None, packages_up_to_regex=None, parallel_workers=4, paths=None, symlink_install=False, test_result_base=None, verb_extension=<colcon_core.verb.build.BuildVerb object at 0x75941bce3f10>, verb_name='build', verb_parser=<colcon_mixin.mixin.mixin_argument.MixinArgumentDecorator object at 0x75941bbdb1c0>)
[0.377s] Level 1:colcon.colcon_core.package_discovery:discover_packages(colcon_meta) check parameters
[0.377s] Level 1:colcon.colcon_core.package_discovery:discover_packages(recursive) check parameters
[0.378s] Level 1:colcon.colcon_core.package_discovery:discover_packages(ignore) check parameters
[0.378s] Level 1:colcon.colcon_core.package_discovery:discover_packages(path) check parameters
[0.378s] Level 1:colcon.colcon_core.package_discovery:discover_packages(colcon_meta) discover
[0.378s] Level 1:colcon.colcon_core.package_discovery:discover_packages(recursive) discover
[0.378s] INFO:colcon.colcon_core.package_discovery:Crawling recursively for packages in '/src/docker-ros2-rover-simulation'
[0.378s] Level 1:colcon.colcon_core.package_identification:_identify(.) by extensions ['ignore', 'ignore_ament_install']
[0.378s] Level 1:colcon.colcon_core.package_identification:_identify(.) by extension 'ignore'
[0.378s] Level 1:colcon.colcon_core.package_identification:_identify(.) by extension 'ignore_ament_install'
[0.378s] Level 1:colcon.colcon_core.package_identification:_identify(.) by extensions ['colcon_pkg']
[0.378s] Level 1:colcon.colcon_core.package_identification:_identify(.) by extension 'colcon_pkg'
[0.378s] Level 1:colcon.colcon_core.package_identification:_identify(.) by extensions ['colcon_meta']
[0.378s] Level 1:colcon.colcon_core.package_identification:_identify(.) by extension 'colcon_meta'
[0.378s] Level 1:colcon.colcon_core.package_identification:_identify(.) by extensions ['ros']
[0.379s] Level 1:colcon.colcon_core.package_identification:_identify(.) by extension 'ros'
[0.391s] Level 1:colcon.colcon_core.package_identification:_identify(.) by extensions ['cmake', 'python']
[0.391s] Level 1:colcon.colcon_core.package_identification:_identify(.) by extension 'cmake'
[0.391s] Level 1:colcon.colcon_core.package_identification:_identify(.) by extension 'python'
[0.391s] Level 1:colcon.colcon_core.package_identification:_identify(.) by extensions ['python_setup_py']
[0.391s] Level 1:colcon.colcon_core.package_identification:_identify(.) by extension 'python_setup_py'
[0.391s] Level 1:colcon.colcon_core.package_identification:_identify(build) by extensions ['ignore', 'ignore_ament_install']
[0.392s] Level 1:colcon.colcon_core.package_identification:_identify(build) by extension 'ignore'
[0.392s] Level 1:colcon.colcon_core.package_identification:_identify(build) ignored
[0.392s] Level 1:colcon.colcon_core.package_identification:_identify(install) by extensions ['ignore', 'ignore_ament_install']
[0.392s] Level 1:colcon.colcon_core.package_identification:_identify(install) by extension 'ignore'
[0.392s] Level 1:colcon.colcon_core.package_identification:_identify(install) ignored
[0.392s] Level 1:colcon.colcon_core.package_identification:_identify(log) by extensions ['ignore', 'ignore_ament_install']
[0.392s] Level 1:colcon.colcon_core.package_identification:_identify(log) by extension 'ignore'
[0.392s] Level 1:colcon.colcon_core.package_identification:_identify(log) ignored
[0.392s] Level 1:colcon.colcon_core.package_identification:_identify(src) by extensions ['ignore', 'ignore_ament_install']
[0.392s] Level 1:colcon.colcon_core.package_identification:_identify(src) by extension 'ignore'
[0.392s] Level 1:colcon.colcon_core.package_identification:_identify(src) by extension 'ignore_ament_install'
[0.392s] Level 1:colcon.colcon_core.package_identification:_identify(src) by extensions ['colcon_pkg']
[0.393s] Level 1:colcon.colcon_core.package_identification:_identify(src) by extension 'colcon_pkg'
[0.393s] Level 1:colcon.colcon_core.package_identification:_identify(src) by extensions ['colcon_meta']
[0.393s] Level 1:colcon.colcon_core.package_identification:_identify(src) by extension 'colcon_meta'
[0.393s] Level 1:colcon.colcon_core.package_identification:_identify(src) by extensions ['ros']
[0.393s] Level 1:colcon.colcon_core.package_identification:_identify(src) by extension 'ros'
[0.393s] Level 1:colcon.colcon_core.package_identification:_identify(src) by extensions ['cmake', 'python']
[0.393s] Level 1:colcon.colcon_core.package_identification:_identify(src) by extension 'cmake'
[0.393s] Level 1:colcon.colcon_core.package_identification:_identify(src) by extension 'python'
[0.393s] Level 1:colcon.colcon_core.package_identification:_identify(src) by extensions ['python_setup_py']
[0.393s] Level 1:colcon.colcon_core.package_identification:_identify(src) by extension 'python_setup_py'
[0.393s] Level 1:colcon.colcon_core.package_identification:_identify(src/build) by extensions ['ignore', 'ignore_ament_install']
[0.393s] Level 1:colcon.colcon_core.package_identification:_identify(src/build) by extension 'ignore'
[0.393s] Level 1:colcon.colcon_core.package_identification:_identify(src/build) ignored
[0.393s] Level 1:colcon.colcon_core.package_identification:_identify(src/install) by extensions ['ignore', 'ignore_ament_install']
[0.393s] Level 1:colcon.colcon_core.package_identification:_identify(src/install) by extension 'ignore'
[0.394s] Level 1:colcon.colcon_core.package_identification:_identify(src/install) ignored
[0.394s] Level 1:colcon.colcon_core.package_identification:_identify(src/log) by extensions ['ignore', 'ignore_ament_install']
[0.394s] Level 1:colcon.colcon_core.package_identification:_identify(src/log) by extension 'ignore'
[0.394s] Level 1:colcon.colcon_core.package_identification:_identify(src/log) ignored
[0.394s] Level 1:colcon.colcon_core.package_identification:_identify(src/publisher_velocity) by extensions ['ignore', 'ignore_ament_install']
[0.394s] Level 1:colcon.colcon_core.package_identification:_identify(src/publisher_velocity) by extension 'ignore'
[0.394s] Level 1:colcon.colcon_core.package_identification:_identify(src/publisher_velocity) by extension 'ignore_ament_install'
[0.394s] Level 1:colcon.colcon_core.package_identification:_identify(src/publisher_velocity) by extensions ['colcon_pkg']
[0.394s] Level 1:colcon.colcon_core.package_identification:_identify(src/publisher_velocity) by extension 'colcon_pkg'
[0.394s] Level 1:colcon.colcon_core.package_identification:_identify(src/publisher_velocity) by extensions ['colcon_meta']
[0.394s] Level 1:colcon.colcon_core.package_identification:_identify(src/publisher_velocity) by extension 'colcon_meta'
[0.394s] Level 1:colcon.colcon_core.package_identification:_identify(src/publisher_velocity) by extensions ['ros']
[0.394s] Level 1:colcon.colcon_core.package_identification:_identify(src/publisher_velocity) by extension 'ros'
[0.397s] DEBUG:colcon.colcon_core.package_identification:Package 'src/publisher_velocity' with type 'ros.ament_python' and name 'publisher_velocity'
[0.398s] Level 1:colcon.colcon_core.package_identification:_identify(src/rover_gz_description) by extensions ['ignore', 'ignore_ament_install']
[0.398s] Level 1:colcon.colcon_core.package_identification:_identify(src/rover_gz_description) by extension 'ignore'
[0.398s] Level 1:colcon.colcon_core.package_identification:_identify(src/rover_gz_description) by extension 'ignore_ament_install'
[0.398s] Level 1:colcon.colcon_core.package_identification:_identify(src/rover_gz_description) by extensions ['colcon_pkg']
[0.398s] Level 1:colcon.colcon_core.package_identification:_identify(src/rover_gz_description) by extension 'colcon_pkg'
[0.398s] Level 1:colcon.colcon_core.package_identification:_identify(src/rover_gz_description) by extensions ['colcon_meta']
[0.398s] Level 1:colcon.colcon_core.package_identification:_identify(src/rover_gz_description) by extension 'colcon_meta'
[0.398s] Level 1:colcon.colcon_core.package_identification:_identify(src/rover_gz_description) by extensions ['ros']
[0.398s] Level 1:colcon.colcon_core.package_identification:_identify(src/rover_gz_description) by extension 'ros'
[0.399s] DEBUG:colcon.colcon_core.package_identification:Package 'src/rover_gz_description' with type 'ros.ament_cmake' and name 'rover_gz_description'
[0.399s] Level 1:colcon.colcon_core.package_discovery:discover_packages(recursive) using defaults
[0.399s] Level 1:colcon.colcon_core.package_discovery:discover_packages(ignore) discover
[0.399s] Level 1:colcon.colcon_core.package_discovery:discover_packages(ignore) using defaults
[0.399s] Level 1:colcon.colcon_core.package_discovery:discover_packages(path) discover
[0.399s] Level 1:colcon.colcon_core.package_discovery:discover_packages(path) using defaults
[0.416s] Level 5:colcon.colcon_core.verb:set package 'publisher_velocity' build argument 'cmake_args' from command line to 'None'
[0.416s] Level 5:colcon.colcon_core.verb:set package 'publisher_velocity' build argument 'cmake_target' from command line to 'None'
[0.416s] Level 5:colcon.colcon_core.verb:set package 'publisher_velocity' build argument 'cmake_target_skip_unavailable' from command line to 'False'
[0.416s] Level 5:colcon.colcon_core.verb:set package 'publisher_velocity' build argument 'cmake_clean_cache' from command line to 'False'
[0.416s] Level 5:colcon.colcon_core.verb:set package 'publisher_velocity' build argument 'cmake_clean_first' from command line to 'False'
[0.416s] Level 5:colcon.colcon_core.verb:set package 'publisher_velocity' build argument 'cmake_force_configure' from command line to 'False'
[0.416s] Level 5:colcon.colcon_core.verb:set package 'publisher_velocity' build argument 'ament_cmake_args' from command line to 'None'
[0.416s] Level 5:colcon.colcon_core.verb:set package 'publisher_velocity' build argument 'catkin_cmake_args' from command line to 'None'
[0.416s] Level 5:colcon.colcon_core.verb:set package 'publisher_velocity' build argument 'catkin_skip_building_tests' from command line to 'False'
[0.416s] DEBUG:colcon.colcon_core.verb:Building package 'publisher_velocity' with the following arguments: {'ament_cmake_args': None, 'build_base': '/src/docker-ros2-rover-simulation/build/publisher_velocity', 'catkin_cmake_args': None, 'catkin_skip_building_tests': False, 'cmake_args': None, 'cmake_clean_cache': False, 'cmake_clean_first': False, 'cmake_force_configure': False, 'cmake_target': None, 'cmake_target_skip_unavailable': False, 'install_base': '/src/docker-ros2-rover-simulation/install/publisher_velocity', 'merge_install': False, 'path': '/src/docker-ros2-rover-simulation/src/publisher_velocity', 'symlink_install': False, 'test_result_base': None}
[0.416s] Level 5:colcon.colcon_core.verb:set package 'rover_gz_description' build argument 'cmake_args' from command line to 'None'
[0.416s] Level 5:colcon.colcon_core.verb:set package 'rover_gz_description' build argument 'cmake_target' from command line to 'None'
[0.416s] Level 5:colcon.colcon_core.verb:set package 'rover_gz_description' build argument 'cmake_target_skip_unavailable' from command line to 'False'
[0.417s] Level 5:colcon.colcon_core.verb:set package 'rover_gz_description' build argument 'cmake_clean_cache' from command line to 'False'
[0.417s] Level 5:colcon.colcon_core.verb:set package 'rover_gz_description' build argument 'cmake_clean_first' from command line to 'False'
[0.417s] Level 5:colcon.colcon_core.verb:set package 'rover_gz_description' build argument 'cmake_force_configure' from command line to 'False'
[0.417s] Level 5:colcon.colcon_core.verb:set package 'rover_gz_description' build argument 'ament_cmake_args' from command line to 'None'
[0.417s] Level 5:colcon.colcon_core.verb:set package 'rover_gz_description' build argument 'catkin_cmake_args' from command line to 'None'
[0.417s] Level 5:colcon.colcon_core.verb:set package 'rover_gz_description' build argument 'catkin_skip_building_tests' from command line to 'False'
[0.417s] DEBUG:colcon.colcon_core.verb:Building package 'rover_gz_description' with the following arguments: {'ament_cmake_args': None, 'build_base': '/src/docker-ros2-rover-simulation/build/rover_gz_description', 'catkin_cmake_args': None, 'catkin_skip_building_tests': False, 'cmake_args': None, 'cmake_clean_cache': False, 'cmake_clean_first': False, 'cmake_force_configure': False, 'cmake_target': None, 'cmake_target_skip_unavailable': False, 'install_base': '/src/docker-ros2-rover-simulation/install/rover_gz_description', 'merge_install': False, 'path': '/src/docker-ros2-rover-simulation/src/rover_gz_description', 'symlink_install': False, 'test_result_base': None}
[0.417s] INFO:colcon.colcon_core.executor:Executing jobs using 'parallel' executor
[0.418s] DEBUG:colcon.colcon_parallel_executor.executor.parallel:run_until_complete
[0.419s] INFO:colcon.colcon_ros.task.ament_python.build:Building ROS package in '/src/docker-ros2-rover-simulation/src/publisher_velocity' with build type 'ament_python'
[0.419s] Level 1:colcon.colcon_core.shell:create_environment_hook('publisher_velocity', 'ament_prefix_path')
[0.421s] INFO:colcon.colcon_core.plugin_system:Skipping extension 'colcon_core.shell.bat': Not used on non-Windows systems
[0.422s] INFO:colcon.colcon_core.shell:Creating environment hook '/src/docker-ros2-rover-simulation/install/publisher_velocity/share/publisher_velocity/hook/ament_prefix_path.ps1'
[0.423s] INFO:colcon.colcon_core.shell:Creating environment descriptor '/src/docker-ros2-rover-simulation/install/publisher_velocity/share/publisher_velocity/hook/ament_prefix_path.dsv'
[0.423s] INFO:colcon.colcon_core.shell:Creating environment hook '/src/docker-ros2-rover-simulation/install/publisher_velocity/share/publisher_velocity/hook/ament_prefix_path.sh'
[0.424s] INFO:colcon.colcon_core.shell:Skip shell extension 'powershell' for command environment: Not usable outside of PowerShell
[0.424s] DEBUG:colcon.colcon_core.shell:Skip shell extension 'dsv' for command environment
[0.431s] INFO:colcon.colcon_ros.task.ament_cmake.build:Building ROS package in '/src/docker-ros2-rover-simulation/src/rover_gz_description' with build type 'ament_cmake'
[0.432s] INFO:colcon.colcon_cmake.task.cmake.build:Building CMake package in '/src/docker-ros2-rover-simulation/src/rover_gz_description'
[0.432s] INFO:colcon.colcon_core.shell:Skip shell extension 'powershell' for command environment: Not usable outside of PowerShell
[0.433s] DEBUG:colcon.colcon_core.shell:Skip shell extension 'dsv' for command environment
[0.686s] INFO:colcon.colcon_core.task.python.build:Building Python package in '/src/docker-ros2-rover-simulation/src/publisher_velocity'
[0.687s] INFO:colcon.colcon_core.shell:Skip shell extension 'powershell' for command environment: Not usable outside of PowerShell
[0.687s] DEBUG:colcon.colcon_core.shell:Skip shell extension 'dsv' for command environment
[0.698s] DEBUG:colcon.colcon_core.event_handler.log_command:Invoking command in '/src/docker-ros2-rover-simulation/build/rover_gz_description': CMAKE_PREFIX_PATH=${CMAKE_PREFIX_PATH}:/opt/ros/foxy /usr/bin/cmake --build /src/docker-ros2-rover-simulation/build/rover_gz_description -- -j4 -l4
[0.761s] DEBUG:colcon.colcon_core.event_handler.log_command:Invoked command in '/src/docker-ros2-rover-simulation/build/rover_gz_description' returned '0': CMAKE_PREFIX_PATH=${CMAKE_PREFIX_PATH}:/opt/ros/foxy /usr/bin/cmake --build /src/docker-ros2-rover-simulation/build/rover_gz_description -- -j4 -l4
[0.813s] DEBUG:colcon.colcon_core.event_handler.log_command:Invoking command in '/src/docker-ros2-rover-simulation/build/rover_gz_description': CMAKE_PREFIX_PATH=${CMAKE_PREFIX_PATH}:/opt/ros/foxy /usr/bin/cmake --install /src/docker-ros2-rover-simulation/build/rover_gz_description
[0.839s] Level 1:colcon.colcon_core.environment:create_environment_scripts_only(rover_gz_description)
[0.848s] DEBUG:colcon.colcon_core.event_handler.log_command:Invoked command in '/src/docker-ros2-rover-simulation/build/rover_gz_description' returned '0': CMAKE_PREFIX_PATH=${CMAKE_PREFIX_PATH}:/opt/ros/foxy /usr/bin/cmake --install /src/docker-ros2-rover-simulation/build/rover_gz_description
[0.849s] Level 1:colcon.colcon_core.environment:checking '/src/docker-ros2-rover-simulation/install/rover_gz_description' for CMake module files
[0.850s] Level 1:colcon.colcon_core.environment:checking '/src/docker-ros2-rover-simulation/install/rover_gz_description' for CMake config files
[0.851s] Level 1:colcon.colcon_core.shell:create_environment_hook('rover_gz_description', 'cmake_prefix_path')
[0.851s] INFO:colcon.colcon_core.shell:Creating environment hook '/src/docker-ros2-rover-simulation/install/rover_gz_description/share/rover_gz_description/hook/cmake_prefix_path.ps1'
[0.852s] INFO:colcon.colcon_core.shell:Creating environment descriptor '/src/docker-ros2-rover-simulation/install/rover_gz_description/share/rover_gz_description/hook/cmake_prefix_path.dsv'
[0.852s] INFO:colcon.colcon_core.shell:Creating environment hook '/src/docker-ros2-rover-simulation/install/rover_gz_description/share/rover_gz_description/hook/cmake_prefix_path.sh'
[0.854s] Level 1:colcon.colcon_core.environment:checking '/src/docker-ros2-rover-simulation/install/rover_gz_description/bin'
[0.854s] Level 1:colcon.colcon_core.environment:checking '/src/docker-ros2-rover-simulation/install/rover_gz_description/lib/pkgconfig/rover_gz_description.pc'
[0.854s] Level 1:colcon.colcon_core.environment:checking '/src/docker-ros2-rover-simulation/install/rover_gz_description/lib/python3.8/site-packages'
[0.855s] Level 1:colcon.colcon_core.environment:checking '/src/docker-ros2-rover-simulation/install/rover_gz_description/bin'
[0.855s] INFO:colcon.colcon_core.shell:Creating package script '/src/docker-ros2-rover-simulation/install/rover_gz_description/share/rover_gz_description/package.ps1'
[0.857s] INFO:colcon.colcon_core.shell:Creating package descriptor '/src/docker-ros2-rover-simulation/install/rover_gz_description/share/rover_gz_description/package.dsv'
[0.858s] INFO:colcon.colcon_core.shell:Creating package script '/src/docker-ros2-rover-simulation/install/rover_gz_description/share/rover_gz_description/package.sh'
[0.860s] INFO:colcon.colcon_core.shell:Creating package script '/src/docker-ros2-rover-simulation/install/rover_gz_description/share/rover_gz_description/package.bash'
[0.863s] INFO:colcon.colcon_core.shell:Creating package script '/src/docker-ros2-rover-simulation/install/rover_gz_description/share/rover_gz_description/package.zsh'
[0.864s] Level 1:colcon.colcon_core.environment:create_file_with_runtime_dependencies(/src/docker-ros2-rover-simulation/install/rover_gz_description/share/colcon-core/packages/rover_gz_description)
[0.902s] Level 1:colcon.colcon_core.environment:create_environment_scripts_only(rover_gz_description)
[0.902s] Level 1:colcon.colcon_core.environment:checking '/src/docker-ros2-rover-simulation/install/rover_gz_description' for CMake module files
[0.903s] Level 1:colcon.colcon_core.environment:checking '/src/docker-ros2-rover-simulation/install/rover_gz_description' for CMake config files
[0.904s] Level 1:colcon.colcon_core.shell:create_environment_hook('rover_gz_description', 'cmake_prefix_path')
[0.904s] INFO:colcon.colcon_core.shell:Creating environment hook '/src/docker-ros2-rover-simulation/install/rover_gz_description/share/rover_gz_description/hook/cmake_prefix_path.ps1'
[0.905s] INFO:colcon.colcon_core.shell:Creating environment descriptor '/src/docker-ros2-rover-simulation/install/rover_gz_description/share/rover_gz_description/hook/cmake_prefix_path.dsv'
[0.905s] INFO:colcon.colcon_core.shell:Creating environment hook '/src/docker-ros2-rover-simulation/install/rover_gz_description/share/rover_gz_description/hook/cmake_prefix_path.sh'
[0.906s] Level 1:colcon.colcon_core.environment:checking '/src/docker-ros2-rover-simulation/install/rover_gz_description/bin'
[0.906s] Level 1:colcon.colcon_core.environment:checking '/src/docker-ros2-rover-simulation/install/rover_gz_description/lib/pkgconfig/rover_gz_description.pc'
[0.907s] Level 1:colcon.colcon_core.environment:checking '/src/docker-ros2-rover-simulation/install/rover_gz_description/lib/python3.8/site-packages'
[0.907s] Level 1:colcon.colcon_core.environment:checking '/src/docker-ros2-rover-simulation/install/rover_gz_description/bin'
[0.907s] INFO:colcon.colcon_core.shell:Creating package script '/src/docker-ros2-rover-simulation/install/rover_gz_description/share/rover_gz_description/package.ps1'
[0.908s] INFO:colcon.colcon_core.shell:Creating package descriptor '/src/docker-ros2-rover-simulation/install/rover_gz_description/share/rover_gz_description/package.dsv'
[0.910s] INFO:colcon.colcon_core.shell:Creating package script '/src/docker-ros2-rover-simulation/install/rover_gz_description/share/rover_gz_description/package.sh'
[0.910s] INFO:colcon.colcon_core.shell:Creating package script '/src/docker-ros2-rover-simulation/install/rover_gz_description/share/rover_gz_description/package.bash'
[0.911s] INFO:colcon.colcon_core.shell:Creating package script '/src/docker-ros2-rover-simulation/install/rover_gz_description/share/rover_gz_description/package.zsh'
[0.912s] Level 1:colcon.colcon_core.environment:create_file_with_runtime_dependencies(/src/docker-ros2-rover-simulation/install/rover_gz_description/share/colcon-core/packages/rover_gz_description)
[1.190s] DEBUG:colcon.colcon_core.event_handler.log_command:Invoking command in '/src/docker-ros2-rover-simulation/src/publisher_velocity': PYTHONPATH=/src/docker-ros2-rover-simulation/build/publisher_velocity/prefix_override:/src/docker-ros2-rover-simulation/install/publisher_velocity/lib/python3.8/site-packages:${PYTHONPATH} /usr/bin/python3 -W ignore:setup.py install is deprecated setup.py egg_info --egg-base ../../build/publisher_velocity build --build-base /src/docker-ros2-rover-simulation/build/publisher_velocity/build install --record /src/docker-ros2-rover-simulation/build/publisher_velocity/install.log --install-scripts $base/lib/publisher_velocity --single-version-externally-managed install_data
[1.496s] Level 1:colcon.colcon_core.environment:checking '/src/docker-ros2-rover-simulation/install/publisher_velocity' for CMake module files
[1.497s] DEBUG:colcon.colcon_core.event_handler.log_command:Invoked command in '/src/docker-ros2-rover-simulation/src/publisher_velocity' returned '0': PYTHONPATH=/src/docker-ros2-rover-simulation/build/publisher_velocity/prefix_override:/src/docker-ros2-rover-simulation/install/publisher_velocity/lib/python3.8/site-packages:${PYTHONPATH} /usr/bin/python3 -W ignore:setup.py install is deprecated setup.py egg_info --egg-base ../../build/publisher_velocity build --build-base /src/docker-ros2-rover-simulation/build/publisher_velocity/build install --record /src/docker-ros2-rover-simulation/build/publisher_velocity/install.log --install-scripts $base/lib/publisher_velocity --single-version-externally-managed install_data
[1.497s] Level 1:colcon.colcon_core.environment:checking '/src/docker-ros2-rover-simulation/install/publisher_velocity' for CMake config files
[1.498s] Level 1:colcon.colcon_core.environment:checking '/src/docker-ros2-rover-simulation/install/publisher_velocity/lib'
[1.498s] Level 1:colcon.colcon_core.environment:checking '/src/docker-ros2-rover-simulation/install/publisher_velocity/bin'
[1.498s] Level 1:colcon.colcon_core.environment:checking '/src/docker-ros2-rover-simulation/install/publisher_velocity/lib/pkgconfig/publisher_velocity.pc'
[1.498s] Level 1:colcon.colcon_core.environment:checking '/src/docker-ros2-rover-simulation/install/publisher_velocity/lib/python3.8/site-packages'
[1.498s] Level 1:colcon.colcon_core.shell:create_environment_hook('publisher_velocity', 'pythonpath')
[1.498s] INFO:colcon.colcon_core.shell:Creating environment hook '/src/docker-ros2-rover-simulation/install/publisher_velocity/share/publisher_velocity/hook/pythonpath.ps1'
[1.499s] INFO:colcon.colcon_core.shell:Creating environment descriptor '/src/docker-ros2-rover-simulation/install/publisher_velocity/share/publisher_velocity/hook/pythonpath.dsv'
[1.499s] INFO:colcon.colcon_core.shell:Creating environment hook '/src/docker-ros2-rover-simulation/install/publisher_velocity/share/publisher_velocity/hook/pythonpath.sh'
[1.500s] Level 1:colcon.colcon_core.environment:checking '/src/docker-ros2-rover-simulation/install/publisher_velocity/bin'
[1.500s] Level 1:colcon.colcon_core.environment:create_environment_scripts_only(publisher_velocity)
[1.500s] INFO:colcon.colcon_core.shell:Creating package script '/src/docker-ros2-rover-simulation/install/publisher_velocity/share/publisher_velocity/package.ps1'
[1.501s] INFO:colcon.colcon_core.shell:Creating package descriptor '/src/docker-ros2-rover-simulation/install/publisher_velocity/share/publisher_velocity/package.dsv'
[1.501s] INFO:colcon.colcon_core.shell:Creating package script '/src/docker-ros2-rover-simulation/install/publisher_velocity/share/publisher_velocity/package.sh'
[1.502s] INFO:colcon.colcon_core.shell:Creating package script '/src/docker-ros2-rover-simulation/install/publisher_velocity/share/publisher_velocity/package.bash'
[1.502s] INFO:colcon.colcon_core.shell:Creating package script '/src/docker-ros2-rover-simulation/install/publisher_velocity/share/publisher_velocity/package.zsh'
[1.502s] Level 1:colcon.colcon_core.environment:create_file_with_runtime_dependencies(/src/docker-ros2-rover-simulation/install/publisher_velocity/share/colcon-core/packages/publisher_velocity)
[1.503s] DEBUG:colcon.colcon_parallel_executor.executor.parallel:closing loop
[1.503s] DEBUG:colcon.colcon_parallel_executor.executor.parallel:loop closed
[1.503s] DEBUG:colcon.colcon_parallel_executor.executor.parallel:run_until_complete finished with '0'
[1.504s] DEBUG:colcon.colcon_core.event_reactor:joining thread
[1.511s] INFO:colcon.colcon_core.plugin_system:Skipping extension 'colcon_notification.desktop_notification.notify_send': Could not find 'notify-send'
[1.511s] INFO:colcon.colcon_core.plugin_system:Skipping extension 'colcon_notification.desktop_notification.terminal_notifier': Not used on non-Darwin systems
[1.511s] INFO:colcon.colcon_core.plugin_system:Skipping extension 'colcon_notification.desktop_notification.win32': Not used on non-Windows systems
[1.511s] INFO:colcon.colcon_notification.desktop_notification:Sending desktop notification using 'notify2'
[1.517s] DEBUG:colcon.colcon_notification.desktop_notification.notify2:Failed to initialize notify2: org.freedesktop.DBus.Error.NoServer: Failed to connect to socket /tmp/dbus-fbYi7csbVr: Connection refused
[1.517s] DEBUG:colcon.colcon_core.event_reactor:joined thread
[1.518s] INFO:colcon.colcon_core.shell:Creating prefix script '/src/docker-ros2-rover-simulation/install/local_setup.ps1'
[1.520s] INFO:colcon.colcon_core.shell:Creating prefix util module '/src/docker-ros2-rover-simulation/install/_local_setup_util_ps1.py'
[1.522s] INFO:colcon.colcon_core.shell:Creating prefix chain script '/src/docker-ros2-rover-simulation/install/setup.ps1'
[1.523s] INFO:colcon.colcon_core.shell:Creating prefix script '/src/docker-ros2-rover-simulation/install/local_setup.sh'
[1.524s] INFO:colcon.colcon_core.shell:Creating prefix util module '/src/docker-ros2-rover-simulation/install/_local_setup_util_sh.py'
[1.525s] INFO:colcon.colcon_core.shell:Creating prefix chain script '/src/docker-ros2-rover-simulation/install/setup.sh'
[1.526s] INFO:colcon.colcon_core.shell:Creating prefix script '/src/docker-ros2-rover-simulation/install/local_setup.bash'
[1.526s] INFO:colcon.colcon_core.shell:Creating prefix chain script '/src/docker-ros2-rover-simulation/install/setup.bash'
[1.527s] INFO:colcon.colcon_core.shell:Creating prefix script '/src/docker-ros2-rover-simulation/install/local_setup.zsh'
[1.542s] INFO:colcon.colcon_core.shell:Creating prefix chain script '/src/docker-ros2-rover-simulation/install/setup.zsh'
