[1.049s] Invoking command in '/src/docker-ros2-rover-simulation/src/publisher_velocity': PYTHONPATH=/src/docker-ros2-rover-simulation/build/publisher_velocity/prefix_override:/src/docker-ros2-rover-simulation/install/publisher_velocity/lib/python3.8/site-packages:${PYTHONPATH} /usr/bin/python3 -W ignore:setup.py install is deprecated setup.py egg_info --egg-base ../../build/publisher_velocity build --build-base /src/docker-ros2-rover-simulation/build/publisher_velocity/build install --record /src/docker-ros2-rover-simulation/build/publisher_velocity/install.log --install-scripts $base/lib/publisher_velocity --single-version-externally-managed install_data
[1.339s] running egg_info
[1.340s] writing ../../build/publisher_velocity/publisher_velocity.egg-info/PKG-INFO
[1.340s] writing dependency_links to ../../build/publisher_velocity/publisher_velocity.egg-info/dependency_links.txt
[1.341s] writing entry points to ../../build/publisher_velocity/publisher_velocity.egg-info/entry_points.txt
[1.341s] writing requirements to ../../build/publisher_velocity/publisher_velocity.egg-info/requires.txt
[1.341s] writing top-level names to ../../build/publisher_velocity/publisher_velocity.egg-info/top_level.txt
[1.387s] reading manifest file '../../build/publisher_velocity/publisher_velocity.egg-info/SOURCES.txt'
[1.388s] writing manifest file '../../build/publisher_velocity/publisher_velocity.egg-info/SOURCES.txt'
[1.388s] running build
[1.388s] running build_py
[1.388s] copying publisher_velocity/publisher_cmd.py -> /src/docker-ros2-rover-simulation/build/publisher_velocity/build/lib/publisher_velocity
[1.389s] running install
[1.390s] running install_lib
[1.392s] copying /src/docker-ros2-rover-simulation/build/publisher_velocity/build/lib/publisher_velocity/publisher_cmd.py -> /src/docker-ros2-rover-simulation/install/publisher_velocity/lib/python3.8/site-packages/publisher_velocity
[1.393s] byte-compiling /src/docker-ros2-rover-simulation/install/publisher_velocity/lib/python3.8/site-packages/publisher_velocity/publisher_cmd.py to publisher_cmd.cpython-38.pyc
[1.395s] running install_data
[1.395s] running install_egg_info
[1.399s] removing '/src/docker-ros2-rover-simulation/install/publisher_velocity/lib/python3.8/site-packages/publisher_velocity-0.0.0-py3.8.egg-info' (and everything under it)
[1.399s] Copying ../../build/publisher_velocity/publisher_velocity.egg-info to /src/docker-ros2-rover-simulation/install/publisher_velocity/lib/python3.8/site-packages/publisher_velocity-0.0.0-py3.8.egg-info
[1.401s] running install_scripts
[1.424s] writing list of installed files to '/src/docker-ros2-rover-simulation/build/publisher_velocity/install.log'
[1.464s] Invoked command in '/src/docker-ros2-rover-simulation/src/publisher_velocity' returned '0': PYTHONPATH=/src/docker-ros2-rover-simulation/build/publisher_velocity/prefix_override:/src/docker-ros2-rover-simulation/install/publisher_velocity/lib/python3.8/site-packages:${PYTHONPATH} /usr/bin/python3 -W ignore:setup.py install is deprecated setup.py egg_info --egg-base ../../build/publisher_velocity build --build-base /src/docker-ros2-rover-simulation/build/publisher_velocity/build install --record /src/docker-ros2-rover-simulation/build/publisher_velocity/install.log --install-scripts $base/lib/publisher_velocity --single-version-externally-managed install_data
