[0.339s] DEBUG:colcon:Command line arguments: ['/usr/bin/colcon', 'build', '--packages-select', 'rover_gz_description', '.', 'install/setup.bash']
[0.339s] DEBUG:colcon:Parsed command line arguments: Namespace(ament_cmake_args=None, base_paths=['.'], build_base='build', catkin_cmake_args=None, catkin_skip_building_tests=False, cmake_args=None, cmake_clean_cache=False, cmake_clean_first=False, cmake_force_configure=False, cmake_target=None, cmake_target_skip_unavailable=False, continue_on_error=False, event_handlers=None, executor='parallel', ignore_user_meta=False, install_base='install', log_base=None, log_level=None, main=<bound method BuildVerb.main of <colcon_core.verb.build.BuildVerb object at 0x780aef4cce20>>, merge_install=False, metas=['./colcon.meta'], mixin=None, mixin_files=None, mixin_verb=('build',), packages_above=None, packages_above_and_dependencies=None, packages_above_depth=None, packages_end=None, packages_ignore=None, packages_ignore_regex=None, packages_select=['rover_gz_description', '.', 'install/setup.bash'], packages_select_build_failed=False, packages_select_by_dep=None, packages_select_regex=None, packages_select_test_failures=False, packages_skip=None, packages_skip_build_finished=False, packages_skip_by_dep=None, packages_skip_regex=None, packages_skip_test_passed=False, packages_skip_up_to=None, packages_start=None, packages_up_to=None, packages_up_to_regex=None, parallel_workers=4, paths=None, symlink_install=False, test_result_base=None, verb_extension=<colcon_core.verb.build.BuildVerb object at 0x780aef4cce20>, verb_name='build', verb_parser=<colcon_mixin.mixin.mixin_argument.MixinArgumentDecorator object at 0x780aef3c21f0>)
[0.658s] Level 1:colcon.colcon_core.package_discovery:discover_packages(colcon_meta) check parameters
[0.658s] Level 1:colcon.colcon_core.package_discovery:discover_packages(recursive) check parameters
[0.659s] Level 1:colcon.colcon_core.package_discovery:discover_packages(ignore) check parameters
[0.659s] Level 1:colcon.colcon_core.package_discovery:discover_packages(path) check parameters
[0.659s] Level 1:colcon.colcon_core.package_discovery:discover_packages(colcon_meta) discover
[0.659s] Level 1:colcon.colcon_core.package_discovery:discover_packages(recursive) discover
[0.659s] INFO:colcon.colcon_core.package_discovery:Crawling recursively for packages in '/src/docker-ros2-rover-simulation'
[0.659s] Level 1:colcon.colcon_core.package_identification:_identify(.) by extensions ['ignore', 'ignore_ament_install']
[0.659s] Level 1:colcon.colcon_core.package_identification:_identify(.) by extension 'ignore'
[0.659s] Level 1:colcon.colcon_core.package_identification:_identify(.) by extension 'ignore_ament_install'
[0.659s] Level 1:colcon.colcon_core.package_identification:_identify(.) by extensions ['colcon_pkg']
[0.659s] Level 1:colcon.colcon_core.package_identification:_identify(.) by extension 'colcon_pkg'
[0.659s] Level 1:colcon.colcon_core.package_identification:_identify(.) by extensions ['colcon_meta']
[0.659s] Level 1:colcon.colcon_core.package_identification:_identify(.) by extension 'colcon_meta'
[0.660s] Level 1:colcon.colcon_core.package_identification:_identify(.) by extensions ['ros']
[0.660s] Level 1:colcon.colcon_core.package_identification:_identify(.) by extension 'ros'
[0.681s] Level 1:colcon.colcon_core.package_identification:_identify(.) by extensions ['cmake', 'python']
[0.681s] Level 1:colcon.colcon_core.package_identification:_identify(.) by extension 'cmake'
[0.681s] Level 1:colcon.colcon_core.package_identification:_identify(.) by extension 'python'
[0.681s] Level 1:colcon.colcon_core.package_identification:_identify(.) by extensions ['python_setup_py']
[0.681s] Level 1:colcon.colcon_core.package_identification:_identify(.) by extension 'python_setup_py'
[0.682s] Level 1:colcon.colcon_core.package_identification:_identify(build) by extensions ['ignore', 'ignore_ament_install']
[0.682s] Level 1:colcon.colcon_core.package_identification:_identify(build) by extension 'ignore'
[0.682s] Level 1:colcon.colcon_core.package_identification:_identify(build) ignored
[0.682s] Level 1:colcon.colcon_core.package_identification:_identify(install) by extensions ['ignore', 'ignore_ament_install']
[0.682s] Level 1:colcon.colcon_core.package_identification:_identify(install) by extension 'ignore'
[0.682s] Level 1:colcon.colcon_core.package_identification:_identify(install) ignored
[0.683s] Level 1:colcon.colcon_core.package_identification:_identify(log) by extensions ['ignore', 'ignore_ament_install']
[0.683s] Level 1:colcon.colcon_core.package_identification:_identify(log) by extension 'ignore'
[0.683s] Level 1:colcon.colcon_core.package_identification:_identify(log) ignored
[0.683s] Level 1:colcon.colcon_core.package_identification:_identify(src) by extensions ['ignore', 'ignore_ament_install']
[0.683s] Level 1:colcon.colcon_core.package_identification:_identify(src) by extension 'ignore'
[0.683s] Level 1:colcon.colcon_core.package_identification:_identify(src) by extension 'ignore_ament_install'
[0.683s] Level 1:colcon.colcon_core.package_identification:_identify(src) by extensions ['colcon_pkg']
[0.683s] Level 1:colcon.colcon_core.package_identification:_identify(src) by extension 'colcon_pkg'
[0.683s] Level 1:colcon.colcon_core.package_identification:_identify(src) by extensions ['colcon_meta']
[0.683s] Level 1:colcon.colcon_core.package_identification:_identify(src) by extension 'colcon_meta'
[0.684s] Level 1:colcon.colcon_core.package_identification:_identify(src) by extensions ['ros']
[0.684s] Level 1:colcon.colcon_core.package_identification:_identify(src) by extension 'ros'
[0.684s] Level 1:colcon.colcon_core.package_identification:_identify(src) by extensions ['cmake', 'python']
[0.684s] Level 1:colcon.colcon_core.package_identification:_identify(src) by extension 'cmake'
[0.684s] Level 1:colcon.colcon_core.package_identification:_identify(src) by extension 'python'
[0.684s] Level 1:colcon.colcon_core.package_identification:_identify(src) by extensions ['python_setup_py']
[0.684s] Level 1:colcon.colcon_core.package_identification:_identify(src) by extension 'python_setup_py'
[0.684s] Level 1:colcon.colcon_core.package_identification:_identify(src/rover_gz_description) by extensions ['ignore', 'ignore_ament_install']
[0.684s] Level 1:colcon.colcon_core.package_identification:_identify(src/rover_gz_description) by extension 'ignore'
[0.684s] Level 1:colcon.colcon_core.package_identification:_identify(src/rover_gz_description) by extension 'ignore_ament_install'
[0.685s] Level 1:colcon.colcon_core.package_identification:_identify(src/rover_gz_description) by extensions ['colcon_pkg']
[0.685s] Level 1:colcon.colcon_core.package_identification:_identify(src/rover_gz_description) by extension 'colcon_pkg'
[0.685s] Level 1:colcon.colcon_core.package_identification:_identify(src/rover_gz_description) by extensions ['colcon_meta']
[0.685s] Level 1:colcon.colcon_core.package_identification:_identify(src/rover_gz_description) by extension 'colcon_meta'
[0.685s] Level 1:colcon.colcon_core.package_identification:_identify(src/rover_gz_description) by extensions ['ros']
[0.685s] Level 1:colcon.colcon_core.package_identification:_identify(src/rover_gz_description) by extension 'ros'
[0.689s] DEBUG:colcon.colcon_core.package_identification:Package 'src/rover_gz_description' with type 'ros.ament_cmake' and name 'rover_gz_description'
[0.690s] Level 1:colcon.colcon_core.package_discovery:discover_packages(recursive) using defaults
[0.690s] Level 1:colcon.colcon_core.package_discovery:discover_packages(ignore) discover
[0.690s] Level 1:colcon.colcon_core.package_discovery:discover_packages(ignore) using defaults
[0.690s] Level 1:colcon.colcon_core.package_discovery:discover_packages(path) discover
[0.690s] Level 1:colcon.colcon_core.package_discovery:discover_packages(path) using defaults
[0.690s] WARNING:colcon.colcon_core.package_selection:ignoring unknown package '.' in --packages-select
[0.690s] WARNING:colcon.colcon_core.package_selection:ignoring unknown package 'install/setup.bash' in --packages-select
[0.715s] Level 5:colcon.colcon_core.verb:set package 'rover_gz_description' build argument 'cmake_args' from command line to 'None'
[0.715s] Level 5:colcon.colcon_core.verb:set package 'rover_gz_description' build argument 'cmake_target' from command line to 'None'
[0.715s] Level 5:colcon.colcon_core.verb:set package 'rover_gz_description' build argument 'cmake_target_skip_unavailable' from command line to 'False'
[0.715s] Level 5:colcon.colcon_core.verb:set package 'rover_gz_description' build argument 'cmake_clean_cache' from command line to 'False'
[0.715s] Level 5:colcon.colcon_core.verb:set package 'rover_gz_description' build argument 'cmake_clean_first' from command line to 'False'
[0.715s] Level 5:colcon.colcon_core.verb:set package 'rover_gz_description' build argument 'cmake_force_configure' from command line to 'False'
[0.715s] Level 5:colcon.colcon_core.verb:set package 'rover_gz_description' build argument 'ament_cmake_args' from command line to 'None'
[0.715s] Level 5:colcon.colcon_core.verb:set package 'rover_gz_description' build argument 'catkin_cmake_args' from command line to 'None'
[0.715s] Level 5:colcon.colcon_core.verb:set package 'rover_gz_description' build argument 'catkin_skip_building_tests' from command line to 'False'
[0.715s] DEBUG:colcon.colcon_core.verb:Building package 'rover_gz_description' with the following arguments: {'ament_cmake_args': None, 'build_base': '/src/docker-ros2-rover-simulation/build/rover_gz_description', 'catkin_cmake_args': None, 'catkin_skip_building_tests': False, 'cmake_args': None, 'cmake_clean_cache': False, 'cmake_clean_first': False, 'cmake_force_configure': False, 'cmake_target': None, 'cmake_target_skip_unavailable': False, 'install_base': '/src/docker-ros2-rover-simulation/install/rover_gz_description', 'merge_install': False, 'path': '/src/docker-ros2-rover-simulation/src/rover_gz_description', 'symlink_install': False, 'test_result_base': None}
[0.715s] INFO:colcon.colcon_core.executor:Executing jobs using 'parallel' executor
[0.717s] DEBUG:colcon.colcon_parallel_executor.executor.parallel:run_until_complete
[0.717s] INFO:colcon.colcon_ros.task.ament_cmake.build:Building ROS package in '/src/docker-ros2-rover-simulation/src/rover_gz_description' with build type 'ament_cmake'
[0.717s] INFO:colcon.colcon_cmake.task.cmake.build:Building CMake package in '/src/docker-ros2-rover-simulation/src/rover_gz_description'
[0.722s] INFO:colcon.colcon_core.plugin_system:Skipping extension 'colcon_core.shell.bat': Not used on non-Windows systems
[0.722s] INFO:colcon.colcon_core.shell:Skip shell extension 'powershell' for command environment: Not usable outside of PowerShell
[0.722s] DEBUG:colcon.colcon_core.shell:Skip shell extension 'dsv' for command environment
[0.787s] DEBUG:colcon.colcon_core.event_handler.log_command:Invoking command in '/src/docker-ros2-rover-simulation/build/rover_gz_description': CMAKE_PREFIX_PATH=/opt/ros/foxy /usr/bin/cmake --build /src/docker-ros2-rover-simulation/build/rover_gz_description -- -j4 -l4
[0.930s] DEBUG:colcon.colcon_core.event_handler.log_command:Invoked command in '/src/docker-ros2-rover-simulation/build/rover_gz_description' returned '0': CMAKE_PREFIX_PATH=/opt/ros/foxy /usr/bin/cmake --build /src/docker-ros2-rover-simulation/build/rover_gz_description -- -j4 -l4
[0.985s] DEBUG:colcon.colcon_core.event_handler.log_command:Invoking command in '/src/docker-ros2-rover-simulation/build/rover_gz_description': CMAKE_PREFIX_PATH=/opt/ros/foxy /usr/bin/cmake --install /src/docker-ros2-rover-simulation/build/rover_gz_description
[1.072s] Level 1:colcon.colcon_core.environment:create_environment_scripts_only(rover_gz_description)
[1.073s] DEBUG:colcon.colcon_core.event_handler.log_command:Invoked command in '/src/docker-ros2-rover-simulation/build/rover_gz_description' returned '0': CMAKE_PREFIX_PATH=/opt/ros/foxy /usr/bin/cmake --install /src/docker-ros2-rover-simulation/build/rover_gz_description
[1.076s] Level 1:colcon.colcon_core.environment:checking '/src/docker-ros2-rover-simulation/install/rover_gz_description' for CMake module files
[1.077s] Level 1:colcon.colcon_core.environment:checking '/src/docker-ros2-rover-simulation/install/rover_gz_description' for CMake config files
[1.078s] Level 1:colcon.colcon_core.shell:create_environment_hook('rover_gz_description', 'cmake_prefix_path')
[1.078s] INFO:colcon.colcon_core.shell:Creating environment hook '/src/docker-ros2-rover-simulation/install/rover_gz_description/share/rover_gz_description/hook/cmake_prefix_path.ps1'
[1.083s] INFO:colcon.colcon_core.shell:Creating environment descriptor '/src/docker-ros2-rover-simulation/install/rover_gz_description/share/rover_gz_description/hook/cmake_prefix_path.dsv'
[1.083s] INFO:colcon.colcon_core.shell:Creating environment hook '/src/docker-ros2-rover-simulation/install/rover_gz_description/share/rover_gz_description/hook/cmake_prefix_path.sh'
[1.085s] Level 1:colcon.colcon_core.environment:checking '/src/docker-ros2-rover-simulation/install/rover_gz_description/bin'
[1.085s] Level 1:colcon.colcon_core.environment:checking '/src/docker-ros2-rover-simulation/install/rover_gz_description/lib/pkgconfig/rover_gz_description.pc'
[1.086s] Level 1:colcon.colcon_core.environment:checking '/src/docker-ros2-rover-simulation/install/rover_gz_description/lib/python3.8/site-packages'
[1.086s] Level 1:colcon.colcon_core.environment:checking '/src/docker-ros2-rover-simulation/install/rover_gz_description/bin'
[1.087s] INFO:colcon.colcon_core.shell:Creating package script '/src/docker-ros2-rover-simulation/install/rover_gz_description/share/rover_gz_description/package.ps1'
[1.088s] INFO:colcon.colcon_core.shell:Creating package descriptor '/src/docker-ros2-rover-simulation/install/rover_gz_description/share/rover_gz_description/package.dsv'
[1.089s] INFO:colcon.colcon_core.shell:Creating package script '/src/docker-ros2-rover-simulation/install/rover_gz_description/share/rover_gz_description/package.sh'
[1.090s] INFO:colcon.colcon_core.shell:Creating package script '/src/docker-ros2-rover-simulation/install/rover_gz_description/share/rover_gz_description/package.bash'
[1.090s] INFO:colcon.colcon_core.shell:Creating package script '/src/docker-ros2-rover-simulation/install/rover_gz_description/share/rover_gz_description/package.zsh'
[1.092s] Level 1:colcon.colcon_core.environment:create_file_with_runtime_dependencies(/src/docker-ros2-rover-simulation/install/rover_gz_description/share/colcon-core/packages/rover_gz_description)
[1.128s] Level 1:colcon.colcon_core.environment:create_environment_scripts_only(rover_gz_description)
[1.128s] Level 1:colcon.colcon_core.environment:checking '/src/docker-ros2-rover-simulation/install/rover_gz_description' for CMake module files
[1.129s] Level 1:colcon.colcon_core.environment:checking '/src/docker-ros2-rover-simulation/install/rover_gz_description' for CMake config files
[1.130s] Level 1:colcon.colcon_core.shell:create_environment_hook('rover_gz_description', 'cmake_prefix_path')
[1.130s] INFO:colcon.colcon_core.shell:Creating environment hook '/src/docker-ros2-rover-simulation/install/rover_gz_description/share/rover_gz_description/hook/cmake_prefix_path.ps1'
[1.131s] INFO:colcon.colcon_core.shell:Creating environment descriptor '/src/docker-ros2-rover-simulation/install/rover_gz_description/share/rover_gz_description/hook/cmake_prefix_path.dsv'
[1.131s] INFO:colcon.colcon_core.shell:Creating environment hook '/src/docker-ros2-rover-simulation/install/rover_gz_description/share/rover_gz_description/hook/cmake_prefix_path.sh'
[1.132s] Level 1:colcon.colcon_core.environment:checking '/src/docker-ros2-rover-simulation/install/rover_gz_description/bin'
[1.132s] Level 1:colcon.colcon_core.environment:checking '/src/docker-ros2-rover-simulation/install/rover_gz_description/lib/pkgconfig/rover_gz_description.pc'
[1.133s] Level 1:colcon.colcon_core.environment:checking '/src/docker-ros2-rover-simulation/install/rover_gz_description/lib/python3.8/site-packages'
[1.133s] Level 1:colcon.colcon_core.environment:checking '/src/docker-ros2-rover-simulation/install/rover_gz_description/bin'
[1.134s] INFO:colcon.colcon_core.shell:Creating package script '/src/docker-ros2-rover-simulation/install/rover_gz_description/share/rover_gz_description/package.ps1'
[1.134s] INFO:colcon.colcon_core.shell:Creating package descriptor '/src/docker-ros2-rover-simulation/install/rover_gz_description/share/rover_gz_description/package.dsv'
[1.135s] INFO:colcon.colcon_core.shell:Creating package script '/src/docker-ros2-rover-simulation/install/rover_gz_description/share/rover_gz_description/package.sh'
[1.135s] INFO:colcon.colcon_core.shell:Creating package script '/src/docker-ros2-rover-simulation/install/rover_gz_description/share/rover_gz_description/package.bash'
[1.137s] INFO:colcon.colcon_core.shell:Creating package script '/src/docker-ros2-rover-simulation/install/rover_gz_description/share/rover_gz_description/package.zsh'
[1.138s] Level 1:colcon.colcon_core.environment:create_file_with_runtime_dependencies(/src/docker-ros2-rover-simulation/install/rover_gz_description/share/colcon-core/packages/rover_gz_description)
[1.138s] DEBUG:colcon.colcon_parallel_executor.executor.parallel:closing loop
[1.139s] DEBUG:colcon.colcon_parallel_executor.executor.parallel:loop closed
[1.139s] DEBUG:colcon.colcon_parallel_executor.executor.parallel:run_until_complete finished with '0'
[1.139s] DEBUG:colcon.colcon_core.event_reactor:joining thread
[1.155s] INFO:colcon.colcon_core.plugin_system:Skipping extension 'colcon_notification.desktop_notification.notify_send': Could not find 'notify-send'
[1.155s] INFO:colcon.colcon_core.plugin_system:Skipping extension 'colcon_notification.desktop_notification.terminal_notifier': Not used on non-Darwin systems
[1.155s] INFO:colcon.colcon_core.plugin_system:Skipping extension 'colcon_notification.desktop_notification.win32': Not used on non-Windows systems
[1.155s] INFO:colcon.colcon_notification.desktop_notification:Sending desktop notification using 'notify2'
[1.184s] DEBUG:colcon.colcon_notification.desktop_notification.notify2:Failed to initialize notify2: org.freedesktop.DBus.Error.ServiceUnknown: The name org.freedesktop.Notifications was not provided by any .service files
[1.184s] DEBUG:colcon.colcon_core.event_reactor:joined thread
[1.185s] INFO:colcon.colcon_core.shell:Creating prefix script '/src/docker-ros2-rover-simulation/install/local_setup.ps1'
[1.187s] INFO:colcon.colcon_core.shell:Creating prefix util module '/src/docker-ros2-rover-simulation/install/_local_setup_util_ps1.py'
[1.191s] INFO:colcon.colcon_core.shell:Creating prefix chain script '/src/docker-ros2-rover-simulation/install/setup.ps1'
[1.193s] INFO:colcon.colcon_core.shell:Creating prefix script '/src/docker-ros2-rover-simulation/install/local_setup.sh'
[1.194s] INFO:colcon.colcon_core.shell:Creating prefix util module '/src/docker-ros2-rover-simulation/install/_local_setup_util_sh.py'
[1.196s] INFO:colcon.colcon_core.shell:Creating prefix chain script '/src/docker-ros2-rover-simulation/install/setup.sh'
[1.207s] INFO:colcon.colcon_core.shell:Creating prefix script '/src/docker-ros2-rover-simulation/install/local_setup.bash'
[1.232s] INFO:colcon.colcon_core.shell:Creating prefix chain script '/src/docker-ros2-rover-simulation/install/setup.bash'
[1.239s] INFO:colcon.colcon_core.shell:Creating prefix script '/src/docker-ros2-rover-simulation/install/local_setup.zsh'
[1.260s] INFO:colcon.colcon_core.shell:Creating prefix chain script '/src/docker-ros2-rover-simulation/install/setup.zsh'
