[0.014s] Invoking command in '/src/docker-ros2-rover-simulation/build/rover_gz_description': CMAKE_PREFIX_PATH=/opt/ros/foxy /usr/bin/cmake --build /src/docker-ros2-rover-simulation/build/rover_gz_description -- -j4 -l4
[0.070s] Invoked command in '/src/docker-ros2-rover-simulation/build/rover_gz_description' returned '0': CMAKE_PREFIX_PATH=/opt/ros/foxy /usr/bin/cmake --build /src/docker-ros2-rover-simulation/build/rover_gz_description -- -j4 -l4
[0.113s] Invoking command in '/src/docker-ros2-rover-simulation/build/rover_gz_description': CMAKE_PREFIX_PATH=/opt/ros/foxy /usr/bin/cmake --install /src/docker-ros2-rover-simulation/build/rover_gz_description
[0.124s] -- Install configuration: ""
[0.125s] -- Up-to-date: /src/docker-ros2-rover-simulation/install/rover_gz_description/share/rover_gz_description/launch
[0.125s] -- Up-to-date: /src/docker-ros2-rover-simulation/install/rover_gz_description/share/rover_gz_description/launch/display.launch.py
[0.125s] -- Up-to-date: /src/docker-ros2-rover-simulation/install/rover_gz_description/share/rover_gz_description/launch/gazebo.launch.py
[0.125s] -- Up-to-date: /src/docker-ros2-rover-simulation/install/rover_gz_description/share/rover_gz_description/meshes
[0.125s] -- Up-to-date: /src/docker-ros2-rover-simulation/install/rover_gz_description/share/rover_gz_description/meshes/Camara_Link.STL
[0.125s] -- Up-to-date: /src/docker-ros2-rover-simulation/install/rover_gz_description/share/rover_gz_description/meshes/base_link.STL
[0.126s] -- Up-to-date: /src/docker-ros2-rover-simulation/install/rover_gz_description/share/rover_gz_description/meshes/Wheel2_Link.STL
[0.126s] -- Up-to-date: /src/docker-ros2-rover-simulation/install/rover_gz_description/share/rover_gz_description/meshes/ClassRover
[0.126s] -- Up-to-date: /src/docker-ros2-rover-simulation/install/rover_gz_description/share/rover_gz_description/meshes/ClassRover/caster_front_link.STL
[0.126s] -- Up-to-date: /src/docker-ros2-rover-simulation/install/rover_gz_description/share/rover_gz_description/meshes/ClassRover/imu_link.STL
[0.126s] -- Up-to-date: /src/docker-ros2-rover-simulation/install/rover_gz_description/share/rover_gz_description/meshes/ClassRover/laser_link.STL
[0.126s] -- Up-to-date: /src/docker-ros2-rover-simulation/install/rover_gz_description/share/rover_gz_description/meshes/ClassRover/caster_rear_link.STL
[0.126s] -- Up-to-date: /src/docker-ros2-rover-simulation/install/rover_gz_description/share/rover_gz_description/meshes/ClassRover/camera_link.STL
[0.127s] -- Up-to-date: /src/docker-ros2-rover-simulation/install/rover_gz_description/share/rover_gz_description/meshes/ClassRover/base_link.STL
[0.127s] -- Up-to-date: /src/docker-ros2-rover-simulation/install/rover_gz_description/share/rover_gz_description/meshes/ClassRover/wheel_right_link.STL
[0.127s] -- Up-to-date: /src/docker-ros2-rover-simulation/install/rover_gz_description/share/rover_gz_description/meshes/ClassRover/wheel_left_link.STL
[0.127s] -- Up-to-date: /src/docker-ros2-rover-simulation/install/rover_gz_description/share/rover_gz_description/meshes/Wheel1_Link.STL
[0.127s] -- Up-to-date: /src/docker-ros2-rover-simulation/install/rover_gz_description/share/rover_gz_description/urdf
[0.127s] -- Up-to-date: /src/docker-ros2-rover-simulation/install/rover_gz_description/share/rover_gz_description/urdf/rover.urdf
[0.127s] -- Up-to-date: /src/docker-ros2-rover-simulation/install/rover_gz_description/share/rover_gz_description/urdf/LunarRover.urdf
[0.127s] -- Up-to-date: /src/docker-ros2-rover-simulation/install/rover_gz_description/share/rover_gz_description/models
[0.127s] -- Up-to-date: /src/docker-ros2-rover-simulation/install/rover_gz_description/share/rover_gz_description/models/sun
[0.128s] -- Up-to-date: /src/docker-ros2-rover-simulation/install/rover_gz_description/share/rover_gz_description/models/sun/model.sdf
[0.128s] -- Up-to-date: /src/docker-ros2-rover-simulation/install/rover_gz_description/share/rover_gz_description/models/sun/model-1_2.sdf
[0.128s] -- Up-to-date: /src/docker-ros2-rover-simulation/install/rover_gz_description/share/rover_gz_description/models/sun/model-1_4.sdf
[0.128s] -- Up-to-date: /src/docker-ros2-rover-simulation/install/rover_gz_description/share/rover_gz_description/models/sun/model.config
[0.128s] -- Up-to-date: /src/docker-ros2-rover-simulation/install/rover_gz_description/share/rover_gz_description/models/sun/model-1_3.sdf
[0.128s] -- Up-to-date: /src/docker-ros2-rover-simulation/install/rover_gz_description/share/rover_gz_description/models/ground_plane
[0.128s] -- Up-to-date: /src/docker-ros2-rover-simulation/install/rover_gz_description/share/rover_gz_description/models/ground_plane/model.sdf
[0.129s] -- Up-to-date: /src/docker-ros2-rover-simulation/install/rover_gz_description/share/rover_gz_description/models/ground_plane/model-1_2.sdf
[0.131s] -- Up-to-date: /src/docker-ros2-rover-simulation/install/rover_gz_description/share/rover_gz_description/models/ground_plane/model-1_4.sdf
[0.131s] -- Up-to-date: /src/docker-ros2-rover-simulation/install/rover_gz_description/share/rover_gz_description/models/ground_plane/model.config
[0.131s] -- Up-to-date: /src/docker-ros2-rover-simulation/install/rover_gz_description/share/rover_gz_description/models/ground_plane/model-1_3.sdf
[0.132s] -- Up-to-date: /src/docker-ros2-rover-simulation/install/rover_gz_description/share/rover_gz_description/rviz
[0.132s] -- Up-to-date: /src/docker-ros2-rover-simulation/install/rover_gz_description/share/rover_gz_description/rviz/rover.rviz
[0.132s] -- Up-to-date: /src/docker-ros2-rover-simulation/install/rover_gz_description/share/ament_index/resource_index/package_run_dependencies/rover_gz_description
[0.132s] -- Up-to-date: /src/docker-ros2-rover-simulation/install/rover_gz_description/share/ament_index/resource_index/parent_prefix_path/rover_gz_description
[0.132s] -- Up-to-date: /src/docker-ros2-rover-simulation/install/rover_gz_description/share/rover_gz_description/environment/ament_prefix_path.sh
[0.133s] -- Up-to-date: /src/docker-ros2-rover-simulation/install/rover_gz_description/share/rover_gz_description/environment/ament_prefix_path.dsv
[0.133s] -- Up-to-date: /src/docker-ros2-rover-simulation/install/rover_gz_description/share/rover_gz_description/environment/path.sh
[0.133s] -- Up-to-date: /src/docker-ros2-rover-simulation/install/rover_gz_description/share/rover_gz_description/environment/path.dsv
[0.134s] -- Up-to-date: /src/docker-ros2-rover-simulation/install/rover_gz_description/share/rover_gz_description/local_setup.bash
[0.134s] -- Up-to-date: /src/docker-ros2-rover-simulation/install/rover_gz_description/share/rover_gz_description/local_setup.sh
[0.134s] -- Up-to-date: /src/docker-ros2-rover-simulation/install/rover_gz_description/share/rover_gz_description/local_setup.zsh
[0.134s] -- Up-to-date: /src/docker-ros2-rover-simulation/install/rover_gz_description/share/rover_gz_description/local_setup.dsv
[0.134s] -- Installing: /src/docker-ros2-rover-simulation/install/rover_gz_description/share/rover_gz_description/package.dsv
[0.135s] -- Up-to-date: /src/docker-ros2-rover-simulation/install/rover_gz_description/share/ament_index/resource_index/packages/rover_gz_description
[0.135s] -- Up-to-date: /src/docker-ros2-rover-simulation/install/rover_gz_description/share/rover_gz_description/cmake/rover_gz_descriptionConfig.cmake
[0.135s] -- Up-to-date: /src/docker-ros2-rover-simulation/install/rover_gz_description/share/rover_gz_description/cmake/rover_gz_descriptionConfig-version.cmake
[0.135s] -- Up-to-date: /src/docker-ros2-rover-simulation/install/rover_gz_description/share/rover_gz_description/package.xml
[0.136s] Invoked command in '/src/docker-ros2-rover-simulation/build/rover_gz_description' returned '0': CMAKE_PREFIX_PATH=/opt/ros/foxy /usr/bin/cmake --install /src/docker-ros2-rover-simulation/build/rover_gz_description
