[0.019s] Invoking command in '/src/docker-ros2-rover-simulation/build/rover_gz_description': CMAKE_PREFIX_PATH=${CMAKE_PREFIX_PATH}:/opt/ros/foxy /usr/bin/cmake /src/docker-ros2-rover-simulation/src/rover_gz_description -DCMAKE_INSTALL_PREFIX=/src/docker-ros2-rover-simulation/install/rover_gz_description
[0.412s] -- The C compiler identification is GNU 9.4.0
[0.679s] -- The CXX compiler identification is GNU 9.4.0
[0.688s] -- Check for working C compiler: /usr/bin/cc
[0.775s] -- Check for working C compiler: /usr/bin/cc -- works
[0.777s] -- Detecting C compiler ABI info
[0.863s] -- Detecting C compiler ABI info - done
[0.875s] -- Detecting C compile features
[0.875s] -- Detecting C compile features - done
[0.879s] -- Check for working CXX compiler: /usr/bin/c++
[0.971s] -- Check for working CXX compiler: /usr/bin/c++ -- works
[0.972s] -- Detecting CXX compiler ABI info
[1.079s] -- Detecting CXX compiler ABI info - done
[1.093s] -- Detecting CXX compile features
[1.094s] -- Detecting CXX compile features - done
[1.102s] -- Found ament_cmake: 0.9.12 (/opt/ros/foxy/share/ament_cmake/cmake)
[1.140s] -- Found PythonInterp: /usr/bin/python3 (found suitable version "3.8.10", minimum required is "3") 
[1.140s] -- Using PYTHON_EXECUTABLE: /usr/bin/python3
[1.402s] -- Found urdf: 2.4.0 (/opt/ros/foxy/share/urdf/cmake)
[1.460s] -- Found ament_lint_auto: 0.9.8 (/opt/ros/foxy/share/ament_lint_auto/cmake)
[1.560s] -- Added test 'flake8' to check Python code syntax and style conventions
[1.561s] -- Added test 'lint_cmake' to check CMake code style
[1.562s] -- Added test 'pep257' to check Python code against some of the style conventions in PEP 257
[1.565s] -- Added test 'xmllint' to check XML markup files
[1.569s] -- Configuring done
[1.572s] -- Generating done
[1.574s] -- Build files have been written to: /src/docker-ros2-rover-simulation/build/rover_gz_description
[1.580s] Invoked command in '/src/docker-ros2-rover-simulation/build/rover_gz_description' returned '0': CMAKE_PREFIX_PATH=${CMAKE_PREFIX_PATH}:/opt/ros/foxy /usr/bin/cmake /src/docker-ros2-rover-simulation/src/rover_gz_description -DCMAKE_INSTALL_PREFIX=/src/docker-ros2-rover-simulation/install/rover_gz_description
[1.583s] Invoking command in '/src/docker-ros2-rover-simulation/build/rover_gz_description': CMAKE_PREFIX_PATH=${CMAKE_PREFIX_PATH}:/opt/ros/foxy /usr/bin/cmake --build /src/docker-ros2-rover-simulation/build/rover_gz_description -- -j4 -l4
[1.632s] Invoked command in '/src/docker-ros2-rover-simulation/build/rover_gz_description' returned '0': CMAKE_PREFIX_PATH=${CMAKE_PREFIX_PATH}:/opt/ros/foxy /usr/bin/cmake --build /src/docker-ros2-rover-simulation/build/rover_gz_description -- -j4 -l4
[1.674s] Invoking command in '/src/docker-ros2-rover-simulation/build/rover_gz_description': CMAKE_PREFIX_PATH=${CMAKE_PREFIX_PATH}:/opt/ros/foxy /usr/bin/cmake --install /src/docker-ros2-rover-simulation/build/rover_gz_description
[1.684s] -- Install configuration: ""
[1.684s] -- Installing: /src/docker-ros2-rover-simulation/install/rover_gz_description/share/rover_gz_description/launch
[1.684s] -- Installing: /src/docker-ros2-rover-simulation/install/rover_gz_description/share/rover_gz_description/launch/display.launch.py
[1.684s] -- Installing: /src/docker-ros2-rover-simulation/install/rover_gz_description/share/rover_gz_description/launch/gazebo.launch.py
[1.684s] -- Installing: /src/docker-ros2-rover-simulation/install/rover_gz_description/share/rover_gz_description/meshes
[1.685s] -- Installing: /src/docker-ros2-rover-simulation/install/rover_gz_description/share/rover_gz_description/meshes/Camara_Link.STL
[1.685s] -- Installing: /src/docker-ros2-rover-simulation/install/rover_gz_description/share/rover_gz_description/meshes/base_link.STL
[1.686s] -- Installing: /src/docker-ros2-rover-simulation/install/rover_gz_description/share/rover_gz_description/meshes/Wheel2_Link.STL
[1.686s] -- Installing: /src/docker-ros2-rover-simulation/install/rover_gz_description/share/rover_gz_description/meshes/ClassRover
[1.686s] -- Installing: /src/docker-ros2-rover-simulation/install/rover_gz_description/share/rover_gz_description/meshes/ClassRover/caster_front_link.STL
[1.686s] -- Installing: /src/docker-ros2-rover-simulation/install/rover_gz_description/share/rover_gz_description/meshes/ClassRover/imu_link.STL
[1.687s] -- Installing: /src/docker-ros2-rover-simulation/install/rover_gz_description/share/rover_gz_description/meshes/ClassRover/laser_link.STL
[1.692s] -- Installing: /src/docker-ros2-rover-simulation/install/rover_gz_description/share/rover_gz_description/meshes/ClassRover/caster_rear_link.STL
[1.692s] -- Installing: /src/docker-ros2-rover-simulation/install/rover_gz_description/share/rover_gz_description/meshes/ClassRover/camera_link.STL
[1.692s] -- Installing: /src/docker-ros2-rover-simulation/install/rover_gz_description/share/rover_gz_description/meshes/ClassRover/base_link.STL
[1.709s] -- Installing: /src/docker-ros2-rover-simulation/install/rover_gz_description/share/rover_gz_description/meshes/ClassRover/wheel_right_link.STL
[1.710s] -- Installing: /src/docker-ros2-rover-simulation/install/rover_gz_description/share/rover_gz_description/meshes/ClassRover/wheel_left_link.STL
[1.711s] -- Installing: /src/docker-ros2-rover-simulation/install/rover_gz_description/share/rover_gz_description/meshes/Wheel1_Link.STL
[1.712s] -- Installing: /src/docker-ros2-rover-simulation/install/rover_gz_description/share/rover_gz_description/urdf
[1.712s] -- Installing: /src/docker-ros2-rover-simulation/install/rover_gz_description/share/rover_gz_description/urdf/rover.urdf
[1.712s] -- Installing: /src/docker-ros2-rover-simulation/install/rover_gz_description/share/rover_gz_description/urdf/LunarRover.urdf
[1.712s] -- Installing: /src/docker-ros2-rover-simulation/install/rover_gz_description/share/rover_gz_description/models
[1.712s] -- Installing: /src/docker-ros2-rover-simulation/install/rover_gz_description/share/rover_gz_description/models/sun
[1.713s] -- Installing: /src/docker-ros2-rover-simulation/install/rover_gz_description/share/rover_gz_description/models/sun/model.sdf
[1.713s] -- Installing: /src/docker-ros2-rover-simulation/install/rover_gz_description/share/rover_gz_description/models/sun/model-1_2.sdf
[1.713s] -- Installing: /src/docker-ros2-rover-simulation/install/rover_gz_description/share/rover_gz_description/models/sun/model-1_4.sdf
[1.713s] -- Installing: /src/docker-ros2-rover-simulation/install/rover_gz_description/share/rover_gz_description/models/sun/model.config
[1.713s] -- Installing: /src/docker-ros2-rover-simulation/install/rover_gz_description/share/rover_gz_description/models/sun/model-1_3.sdf
[1.713s] -- Installing: /src/docker-ros2-rover-simulation/install/rover_gz_description/share/rover_gz_description/models/ground_plane
[1.714s] -- Installing: /src/docker-ros2-rover-simulation/install/rover_gz_description/share/rover_gz_description/models/ground_plane/model.sdf
[1.714s] -- Installing: /src/docker-ros2-rover-simulation/install/rover_gz_description/share/rover_gz_description/models/ground_plane/model-1_2.sdf
[1.714s] -- Installing: /src/docker-ros2-rover-simulation/install/rover_gz_description/share/rover_gz_description/models/ground_plane/model-1_4.sdf
[1.714s] -- Installing: /src/docker-ros2-rover-simulation/install/rover_gz_description/share/rover_gz_description/models/ground_plane/model.config
[1.714s] -- Installing: /src/docker-ros2-rover-simulation/install/rover_gz_description/share/rover_gz_description/models/ground_plane/model-1_3.sdf
[1.714s] -- Installing: /src/docker-ros2-rover-simulation/install/rover_gz_description/share/rover_gz_description/rviz
[1.715s] -- Installing: /src/docker-ros2-rover-simulation/install/rover_gz_description/share/rover_gz_description/rviz/rover.rviz
[1.715s] -- Installing: /src/docker-ros2-rover-simulation/install/rover_gz_description/share/ament_index/resource_index/package_run_dependencies/rover_gz_description
[1.715s] -- Installing: /src/docker-ros2-rover-simulation/install/rover_gz_description/share/ament_index/resource_index/parent_prefix_path/rover_gz_description
[1.715s] -- Installing: /src/docker-ros2-rover-simulation/install/rover_gz_description/share/rover_gz_description/environment/ament_prefix_path.sh
[1.715s] -- Installing: /src/docker-ros2-rover-simulation/install/rover_gz_description/share/rover_gz_description/environment/ament_prefix_path.dsv
[1.715s] -- Installing: /src/docker-ros2-rover-simulation/install/rover_gz_description/share/rover_gz_description/environment/path.sh
[1.716s] -- Installing: /src/docker-ros2-rover-simulation/install/rover_gz_description/share/rover_gz_description/environment/path.dsv
[1.716s] -- Installing: /src/docker-ros2-rover-simulation/install/rover_gz_description/share/rover_gz_description/local_setup.bash
[1.716s] -- Installing: /src/docker-ros2-rover-simulation/install/rover_gz_description/share/rover_gz_description/local_setup.sh
[1.716s] -- Installing: /src/docker-ros2-rover-simulation/install/rover_gz_description/share/rover_gz_description/local_setup.zsh
[1.717s] -- Installing: /src/docker-ros2-rover-simulation/install/rover_gz_description/share/rover_gz_description/local_setup.dsv
[1.717s] -- Installing: /src/docker-ros2-rover-simulation/install/rover_gz_description/share/rover_gz_description/package.dsv
[1.717s] -- Installing: /src/docker-ros2-rover-simulation/install/rover_gz_description/share/ament_index/resource_index/packages/rover_gz_description
[1.717s] -- Installing: /src/docker-ros2-rover-simulation/install/rover_gz_description/share/rover_gz_description/cmake/rover_gz_descriptionConfig.cmake
[1.718s] -- Installing: /src/docker-ros2-rover-simulation/install/rover_gz_description/share/rover_gz_description/cmake/rover_gz_descriptionConfig-version.cmake
[1.718s] -- Installing: /src/docker-ros2-rover-simulation/install/rover_gz_description/share/rover_gz_description/package.xml
[1.720s] Invoked command in '/src/docker-ros2-rover-simulation/build/rover_gz_description' returned '0': CMAKE_PREFIX_PATH=${CMAKE_PREFIX_PATH}:/opt/ros/foxy /usr/bin/cmake --install /src/docker-ros2-rover-simulation/build/rover_gz_description
