[0.430s] DEBUG:colcon:Command line arguments: ['/usr/bin/colcon', 'build', '--packages-select', 'publisher_velocity']
[0.430s] DEBUG:colcon:Parsed command line arguments: Namespace(ament_cmake_args=None, base_paths=['.'], build_base='build', catkin_cmake_args=None, catkin_skip_building_tests=False, cmake_args=None, cmake_clean_cache=False, cmake_clean_first=False, cmake_force_configure=False, cmake_target=None, cmake_target_skip_unavailable=False, continue_on_error=False, event_handlers=None, executor='parallel', ignore_user_meta=False, install_base='install', log_base=None, log_level=None, main=<bound method BuildVerb.main of <colcon_core.verb.build.BuildVerb object at 0x7effb7f36700>>, merge_install=False, metas=['./colcon.meta'], mixin=None, mixin_files=None, mixin_verb=('build',), packages_above=None, packages_above_and_dependencies=None, packages_above_depth=None, packages_end=None, packages_ignore=None, packages_ignore_regex=None, packages_select=['publisher_velocity'], packages_select_build_failed=False, packages_select_by_dep=None, packages_select_regex=None, packages_select_test_failures=False, packages_skip=None, packages_skip_build_finished=False, packages_skip_by_dep=None, packages_skip_regex=None, packages_skip_test_passed=False, packages_skip_up_to=None, packages_start=None, packages_up_to=None, packages_up_to_regex=None, parallel_workers=4, paths=None, symlink_install=False, test_result_base=None, verb_extension=<colcon_core.verb.build.BuildVerb object at 0x7effb7f36700>, verb_name='build', verb_parser=<colcon_mixin.mixin.mixin_argument.MixinArgumentDecorator object at 0x7effb7e2c1f0>)
[0.751s] Level 1:colcon.colcon_core.package_discovery:discover_packages(colcon_meta) check parameters
[0.751s] Level 1:colcon.colcon_core.package_discovery:discover_packages(recursive) check parameters
[0.751s] Level 1:colcon.colcon_core.package_discovery:discover_packages(ignore) check parameters
[0.751s] Level 1:colcon.colcon_core.package_discovery:discover_packages(path) check parameters
[0.751s] Level 1:colcon.colcon_core.package_discovery:discover_packages(colcon_meta) discover
[0.751s] Level 1:colcon.colcon_core.package_discovery:discover_packages(recursive) discover
[0.751s] INFO:colcon.colcon_core.package_discovery:Crawling recursively for packages in '/src/docker-ros2-rover-simulation'
[0.752s] Level 1:colcon.colcon_core.package_identification:_identify(.) by extensions ['ignore', 'ignore_ament_install']
[0.752s] Level 1:colcon.colcon_core.package_identification:_identify(.) by extension 'ignore'
[0.752s] Level 1:colcon.colcon_core.package_identification:_identify(.) by extension 'ignore_ament_install'
[0.752s] Level 1:colcon.colcon_core.package_identification:_identify(.) by extensions ['colcon_pkg']
[0.752s] Level 1:colcon.colcon_core.package_identification:_identify(.) by extension 'colcon_pkg'
[0.752s] Level 1:colcon.colcon_core.package_identification:_identify(.) by extensions ['colcon_meta']
[0.752s] Level 1:colcon.colcon_core.package_identification:_identify(.) by extension 'colcon_meta'
[0.752s] Level 1:colcon.colcon_core.package_identification:_identify(.) by extensions ['ros']
[0.752s] Level 1:colcon.colcon_core.package_identification:_identify(.) by extension 'ros'
[0.774s] Level 1:colcon.colcon_core.package_identification:_identify(.) by extensions ['cmake', 'python']
[0.774s] Level 1:colcon.colcon_core.package_identification:_identify(.) by extension 'cmake'
[0.774s] Level 1:colcon.colcon_core.package_identification:_identify(.) by extension 'python'
[0.775s] Level 1:colcon.colcon_core.package_identification:_identify(.) by extensions ['python_setup_py']
[0.775s] Level 1:colcon.colcon_core.package_identification:_identify(.) by extension 'python_setup_py'
[0.775s] Level 1:colcon.colcon_core.package_identification:_identify(build) by extensions ['ignore', 'ignore_ament_install']
[0.775s] Level 1:colcon.colcon_core.package_identification:_identify(build) by extension 'ignore'
[0.775s] Level 1:colcon.colcon_core.package_identification:_identify(build) ignored
[0.775s] Level 1:colcon.colcon_core.package_identification:_identify(install) by extensions ['ignore', 'ignore_ament_install']
[0.775s] Level 1:colcon.colcon_core.package_identification:_identify(install) by extension 'ignore'
[0.775s] Level 1:colcon.colcon_core.package_identification:_identify(install) ignored
[0.775s] Level 1:colcon.colcon_core.package_identification:_identify(log) by extensions ['ignore', 'ignore_ament_install']
[0.776s] Level 1:colcon.colcon_core.package_identification:_identify(log) by extension 'ignore'
[0.776s] Level 1:colcon.colcon_core.package_identification:_identify(log) ignored
[0.776s] Level 1:colcon.colcon_core.package_identification:_identify(src) by extensions ['ignore', 'ignore_ament_install']
[0.776s] Level 1:colcon.colcon_core.package_identification:_identify(src) by extension 'ignore'
[0.776s] Level 1:colcon.colcon_core.package_identification:_identify(src) by extension 'ignore_ament_install'
[0.776s] Level 1:colcon.colcon_core.package_identification:_identify(src) by extensions ['colcon_pkg']
[0.776s] Level 1:colcon.colcon_core.package_identification:_identify(src) by extension 'colcon_pkg'
[0.776s] Level 1:colcon.colcon_core.package_identification:_identify(src) by extensions ['colcon_meta']
[0.776s] Level 1:colcon.colcon_core.package_identification:_identify(src) by extension 'colcon_meta'
[0.776s] Level 1:colcon.colcon_core.package_identification:_identify(src) by extensions ['ros']
[0.776s] Level 1:colcon.colcon_core.package_identification:_identify(src) by extension 'ros'
[0.776s] Level 1:colcon.colcon_core.package_identification:_identify(src) by extensions ['cmake', 'python']
[0.777s] Level 1:colcon.colcon_core.package_identification:_identify(src) by extension 'cmake'
[0.777s] Level 1:colcon.colcon_core.package_identification:_identify(src) by extension 'python'
[0.777s] Level 1:colcon.colcon_core.package_identification:_identify(src) by extensions ['python_setup_py']
[0.777s] Level 1:colcon.colcon_core.package_identification:_identify(src) by extension 'python_setup_py'
[0.777s] Level 1:colcon.colcon_core.package_identification:_identify(src/publisher_velocity) by extensions ['ignore', 'ignore_ament_install']
[0.777s] Level 1:colcon.colcon_core.package_identification:_identify(src/publisher_velocity) by extension 'ignore'
[0.777s] Level 1:colcon.colcon_core.package_identification:_identify(src/publisher_velocity) by extension 'ignore_ament_install'
[0.777s] Level 1:colcon.colcon_core.package_identification:_identify(src/publisher_velocity) by extensions ['colcon_pkg']
[0.777s] Level 1:colcon.colcon_core.package_identification:_identify(src/publisher_velocity) by extension 'colcon_pkg'
[0.778s] Level 1:colcon.colcon_core.package_identification:_identify(src/publisher_velocity) by extensions ['colcon_meta']
[0.778s] Level 1:colcon.colcon_core.package_identification:_identify(src/publisher_velocity) by extension 'colcon_meta'
[0.778s] Level 1:colcon.colcon_core.package_identification:_identify(src/publisher_velocity) by extensions ['ros']
[0.778s] Level 1:colcon.colcon_core.package_identification:_identify(src/publisher_velocity) by extension 'ros'
[0.782s] DEBUG:colcon.colcon_core.package_identification:Package 'src/publisher_velocity' with type 'ros.ament_python' and name 'publisher_velocity'
[0.782s] Level 1:colcon.colcon_core.package_identification:_identify(src/rover_gz_description) by extensions ['ignore', 'ignore_ament_install']
[0.782s] Level 1:colcon.colcon_core.package_identification:_identify(src/rover_gz_description) by extension 'ignore'
[0.782s] Level 1:colcon.colcon_core.package_identification:_identify(src/rover_gz_description) by extension 'ignore_ament_install'
[0.782s] Level 1:colcon.colcon_core.package_identification:_identify(src/rover_gz_description) by extensions ['colcon_pkg']
[0.782s] Level 1:colcon.colcon_core.package_identification:_identify(src/rover_gz_description) by extension 'colcon_pkg'
[0.782s] Level 1:colcon.colcon_core.package_identification:_identify(src/rover_gz_description) by extensions ['colcon_meta']
[0.783s] Level 1:colcon.colcon_core.package_identification:_identify(src/rover_gz_description) by extension 'colcon_meta'
[0.783s] Level 1:colcon.colcon_core.package_identification:_identify(src/rover_gz_description) by extensions ['ros']
[0.783s] Level 1:colcon.colcon_core.package_identification:_identify(src/rover_gz_description) by extension 'ros'
[0.783s] DEBUG:colcon.colcon_core.package_identification:Package 'src/rover_gz_description' with type 'ros.ament_cmake' and name 'rover_gz_description'
[0.783s] Level 1:colcon.colcon_core.package_discovery:discover_packages(recursive) using defaults
[0.784s] Level 1:colcon.colcon_core.package_discovery:discover_packages(ignore) discover
[0.784s] Level 1:colcon.colcon_core.package_discovery:discover_packages(ignore) using defaults
[0.784s] Level 1:colcon.colcon_core.package_discovery:discover_packages(path) discover
[0.784s] Level 1:colcon.colcon_core.package_discovery:discover_packages(path) using defaults
[0.807s] INFO:colcon.colcon_core.package_selection:Skipping not selected package 'rover_gz_description' in 'src/rover_gz_description'
[0.807s] Level 5:colcon.colcon_core.verb:set package 'publisher_velocity' build argument 'cmake_args' from command line to 'None'
[0.807s] Level 5:colcon.colcon_core.verb:set package 'publisher_velocity' build argument 'cmake_target' from command line to 'None'
[0.807s] Level 5:colcon.colcon_core.verb:set package 'publisher_velocity' build argument 'cmake_target_skip_unavailable' from command line to 'False'
[0.807s] Level 5:colcon.colcon_core.verb:set package 'publisher_velocity' build argument 'cmake_clean_cache' from command line to 'False'
[0.807s] Level 5:colcon.colcon_core.verb:set package 'publisher_velocity' build argument 'cmake_clean_first' from command line to 'False'
[0.807s] Level 5:colcon.colcon_core.verb:set package 'publisher_velocity' build argument 'cmake_force_configure' from command line to 'False'
[0.807s] Level 5:colcon.colcon_core.verb:set package 'publisher_velocity' build argument 'ament_cmake_args' from command line to 'None'
[0.807s] Level 5:colcon.colcon_core.verb:set package 'publisher_velocity' build argument 'catkin_cmake_args' from command line to 'None'
[0.807s] Level 5:colcon.colcon_core.verb:set package 'publisher_velocity' build argument 'catkin_skip_building_tests' from command line to 'False'
[0.807s] DEBUG:colcon.colcon_core.verb:Building package 'publisher_velocity' with the following arguments: {'ament_cmake_args': None, 'build_base': '/src/docker-ros2-rover-simulation/build/publisher_velocity', 'catkin_cmake_args': None, 'catkin_skip_building_tests': False, 'cmake_args': None, 'cmake_clean_cache': False, 'cmake_clean_first': False, 'cmake_force_configure': False, 'cmake_target': None, 'cmake_target_skip_unavailable': False, 'install_base': '/src/docker-ros2-rover-simulation/install/publisher_velocity', 'merge_install': False, 'path': '/src/docker-ros2-rover-simulation/src/publisher_velocity', 'symlink_install': False, 'test_result_base': None}
[0.808s] INFO:colcon.colcon_core.executor:Executing jobs using 'parallel' executor
[0.810s] DEBUG:colcon.colcon_parallel_executor.executor.parallel:run_until_complete
[0.811s] INFO:colcon.colcon_ros.task.ament_python.build:Building ROS package in '/src/docker-ros2-rover-simulation/src/publisher_velocity' with build type 'ament_python'
[0.811s] Level 1:colcon.colcon_core.shell:create_environment_hook('publisher_velocity', 'ament_prefix_path')
[0.815s] INFO:colcon.colcon_core.plugin_system:Skipping extension 'colcon_core.shell.bat': Not used on non-Windows systems
[0.815s] INFO:colcon.colcon_core.shell:Creating environment hook '/src/docker-ros2-rover-simulation/install/publisher_velocity/share/publisher_velocity/hook/ament_prefix_path.ps1'
[0.817s] INFO:colcon.colcon_core.shell:Creating environment descriptor '/src/docker-ros2-rover-simulation/install/publisher_velocity/share/publisher_velocity/hook/ament_prefix_path.dsv'
[0.817s] INFO:colcon.colcon_core.shell:Creating environment hook '/src/docker-ros2-rover-simulation/install/publisher_velocity/share/publisher_velocity/hook/ament_prefix_path.sh'
[0.819s] INFO:colcon.colcon_core.shell:Skip shell extension 'powershell' for command environment: Not usable outside of PowerShell
[0.819s] DEBUG:colcon.colcon_core.shell:Skip shell extension 'dsv' for command environment
[1.511s] INFO:colcon.colcon_core.task.python.build:Building Python package in '/src/docker-ros2-rover-simulation/src/publisher_velocity'
[1.512s] INFO:colcon.colcon_core.shell:Skip shell extension 'powershell' for command environment: Not usable outside of PowerShell
[1.512s] DEBUG:colcon.colcon_core.shell:Skip shell extension 'dsv' for command environment
[2.584s] DEBUG:colcon.colcon_core.event_handler.log_command:Invoking command in '/src/docker-ros2-rover-simulation/src/publisher_velocity': PYTHONPATH=/src/docker-ros2-rover-simulation/build/publisher_velocity/prefix_override:/src/docker-ros2-rover-simulation/install/publisher_velocity/lib/python3.8/site-packages:${PYTHONPATH} /usr/bin/python3 -W ignore:setup.py install is deprecated setup.py egg_info --egg-base ../../build/publisher_velocity build --build-base /src/docker-ros2-rover-simulation/build/publisher_velocity/build install --record /src/docker-ros2-rover-simulation/build/publisher_velocity/install.log --install-scripts $base/lib/publisher_velocity --single-version-externally-managed install_data
[3.255s] DEBUG:colcon.colcon_core.event_handler.log_command:Invoked command in '/src/docker-ros2-rover-simulation/src/publisher_velocity' returned '0': PYTHONPATH=/src/docker-ros2-rover-simulation/build/publisher_velocity/prefix_override:/src/docker-ros2-rover-simulation/install/publisher_velocity/lib/python3.8/site-packages:${PYTHONPATH} /usr/bin/python3 -W ignore:setup.py install is deprecated setup.py egg_info --egg-base ../../build/publisher_velocity build --build-base /src/docker-ros2-rover-simulation/build/publisher_velocity/build install --record /src/docker-ros2-rover-simulation/build/publisher_velocity/install.log --install-scripts $base/lib/publisher_velocity --single-version-externally-managed install_data
[3.265s] Level 1:colcon.colcon_core.environment:checking '/src/docker-ros2-rover-simulation/install/publisher_velocity' for CMake module files
[3.266s] Level 1:colcon.colcon_core.environment:checking '/src/docker-ros2-rover-simulation/install/publisher_velocity' for CMake config files
[3.268s] Level 1:colcon.colcon_core.environment:checking '/src/docker-ros2-rover-simulation/install/publisher_velocity/lib'
[3.268s] Level 1:colcon.colcon_core.environment:checking '/src/docker-ros2-rover-simulation/install/publisher_velocity/bin'
[3.268s] Level 1:colcon.colcon_core.environment:checking '/src/docker-ros2-rover-simulation/install/publisher_velocity/lib/pkgconfig/publisher_velocity.pc'
[3.268s] Level 1:colcon.colcon_core.environment:checking '/src/docker-ros2-rover-simulation/install/publisher_velocity/lib/python3.8/site-packages'
[3.269s] Level 1:colcon.colcon_core.shell:create_environment_hook('publisher_velocity', 'pythonpath')
[3.269s] INFO:colcon.colcon_core.shell:Creating environment hook '/src/docker-ros2-rover-simulation/install/publisher_velocity/share/publisher_velocity/hook/pythonpath.ps1'
[3.270s] INFO:colcon.colcon_core.shell:Creating environment descriptor '/src/docker-ros2-rover-simulation/install/publisher_velocity/share/publisher_velocity/hook/pythonpath.dsv'
[3.271s] INFO:colcon.colcon_core.shell:Creating environment hook '/src/docker-ros2-rover-simulation/install/publisher_velocity/share/publisher_velocity/hook/pythonpath.sh'
[3.272s] Level 1:colcon.colcon_core.environment:checking '/src/docker-ros2-rover-simulation/install/publisher_velocity/bin'
[3.272s] Level 1:colcon.colcon_core.environment:create_environment_scripts_only(publisher_velocity)
[3.273s] INFO:colcon.colcon_core.shell:Creating package script '/src/docker-ros2-rover-simulation/install/publisher_velocity/share/publisher_velocity/package.ps1'
[3.274s] INFO:colcon.colcon_core.shell:Creating package descriptor '/src/docker-ros2-rover-simulation/install/publisher_velocity/share/publisher_velocity/package.dsv'
[3.275s] INFO:colcon.colcon_core.shell:Creating package script '/src/docker-ros2-rover-simulation/install/publisher_velocity/share/publisher_velocity/package.sh'
[3.276s] INFO:colcon.colcon_core.shell:Creating package script '/src/docker-ros2-rover-simulation/install/publisher_velocity/share/publisher_velocity/package.bash'
[3.278s] INFO:colcon.colcon_core.shell:Creating package script '/src/docker-ros2-rover-simulation/install/publisher_velocity/share/publisher_velocity/package.zsh'
[3.279s] Level 1:colcon.colcon_core.environment:create_file_with_runtime_dependencies(/src/docker-ros2-rover-simulation/install/publisher_velocity/share/colcon-core/packages/publisher_velocity)
[3.279s] DEBUG:colcon.colcon_parallel_executor.executor.parallel:closing loop
[3.280s] DEBUG:colcon.colcon_parallel_executor.executor.parallel:loop closed
[3.280s] DEBUG:colcon.colcon_parallel_executor.executor.parallel:run_until_complete finished with '0'
[3.280s] DEBUG:colcon.colcon_core.event_reactor:joining thread
[3.288s] INFO:colcon.colcon_core.plugin_system:Skipping extension 'colcon_notification.desktop_notification.notify_send': Could not find 'notify-send'
[3.289s] INFO:colcon.colcon_core.plugin_system:Skipping extension 'colcon_notification.desktop_notification.terminal_notifier': Not used on non-Darwin systems
[3.289s] INFO:colcon.colcon_core.plugin_system:Skipping extension 'colcon_notification.desktop_notification.win32': Not used on non-Windows systems
[3.289s] INFO:colcon.colcon_notification.desktop_notification:Sending desktop notification using 'notify2'
[3.304s] DEBUG:colcon.colcon_notification.desktop_notification.notify2:Failed to initialize notify2: org.freedesktop.DBus.Error.ServiceUnknown: The name org.freedesktop.Notifications was not provided by any .service files
[3.304s] DEBUG:colcon.colcon_core.event_reactor:joined thread
[3.305s] INFO:colcon.colcon_core.shell:Creating prefix script '/src/docker-ros2-rover-simulation/install/local_setup.ps1'
[3.313s] INFO:colcon.colcon_core.shell:Creating prefix util module '/src/docker-ros2-rover-simulation/install/_local_setup_util_ps1.py'
[3.318s] INFO:colcon.colcon_core.shell:Creating prefix chain script '/src/docker-ros2-rover-simulation/install/setup.ps1'
[3.320s] INFO:colcon.colcon_core.shell:Creating prefix script '/src/docker-ros2-rover-simulation/install/local_setup.sh'
[3.320s] INFO:colcon.colcon_core.shell:Creating prefix util module '/src/docker-ros2-rover-simulation/install/_local_setup_util_sh.py'
[3.321s] INFO:colcon.colcon_core.shell:Creating prefix chain script '/src/docker-ros2-rover-simulation/install/setup.sh'
[3.322s] INFO:colcon.colcon_core.shell:Creating prefix script '/src/docker-ros2-rover-simulation/install/local_setup.bash'
[3.323s] INFO:colcon.colcon_core.shell:Creating prefix chain script '/src/docker-ros2-rover-simulation/install/setup.bash'
[3.324s] INFO:colcon.colcon_core.shell:Creating prefix script '/src/docker-ros2-rover-simulation/install/local_setup.zsh'
[3.325s] INFO:colcon.colcon_core.shell:Creating prefix chain script '/src/docker-ros2-rover-simulation/install/setup.zsh'
