[0.265s] Invoking command in '/src/docker-ros2-rover-simulation/src/build/rover_gz_description': CMAKE_PREFIX_PATH=${CMAKE_PREFIX_PATH}:/opt/ros/foxy /usr/bin/cmake /src/docker-ros2-rover-simulation/src/rover_gz_description -DCMAKE_INSTALL_PREFIX=/src/docker-ros2-rover-simulation/src/install/rover_gz_description
[0.346s] -- The C compiler identification is GNU 9.4.0
[0.428s] -- The CXX compiler identification is GNU 9.4.0
[0.435s] -- Check for working C compiler: /usr/bin/cc
[0.534s] -- Check for working C compiler: /usr/bin/cc -- works
[0.535s] -- Detecting C compiler ABI info
[0.619s] -- Detecting C compiler ABI info - done
[0.641s] -- Detecting C compile features
[0.642s] -- Detecting C compile features - done
[0.646s] -- Check for working CXX compiler: /usr/bin/c++
[0.759s] -- Check for working CXX compiler: /usr/bin/c++ -- works
[0.760s] -- Detecting CXX compiler ABI info
[0.861s] -- Detecting CXX compiler ABI info - done
[0.873s] -- Detecting CXX compile features
[0.874s] -- Detecting CXX compile features - done
[0.877s] -- Found ament_cmake: 0.9.12 (/opt/ros/foxy/share/ament_cmake/cmake)
[0.906s] -- Found PythonInterp: /usr/bin/python3 (found suitable version "3.8.10", minimum required is "3") 
[0.906s] -- Using PYTHON_EXECUTABLE: /usr/bin/python3
[1.181s] -- Found urdf: 2.4.0 (/opt/ros/foxy/share/urdf/cmake)
[1.231s] -- Found ament_lint_auto: 0.9.8 (/opt/ros/foxy/share/ament_lint_auto/cmake)
[1.317s] -- Added test 'flake8' to check Python code syntax and style conventions
[1.318s] -- Added test 'lint_cmake' to check CMake code style
[1.319s] -- Added test 'pep257' to check Python code against some of the style conventions in PEP 257
[1.322s] -- Added test 'xmllint' to check XML markup files
[1.326s] -- Configuring done
[1.329s] -- Generating done
[1.330s] -- Build files have been written to: /src/docker-ros2-rover-simulation/src/build/rover_gz_description
[1.337s] Invoked command in '/src/docker-ros2-rover-simulation/src/build/rover_gz_description' returned '0': CMAKE_PREFIX_PATH=${CMAKE_PREFIX_PATH}:/opt/ros/foxy /usr/bin/cmake /src/docker-ros2-rover-simulation/src/rover_gz_description -DCMAKE_INSTALL_PREFIX=/src/docker-ros2-rover-simulation/src/install/rover_gz_description
[1.339s] Invoking command in '/src/docker-ros2-rover-simulation/src/build/rover_gz_description': CMAKE_PREFIX_PATH=${CMAKE_PREFIX_PATH}:/opt/ros/foxy /usr/bin/cmake --build /src/docker-ros2-rover-simulation/src/build/rover_gz_description -- -j4 -l4
[1.388s] Invoked command in '/src/docker-ros2-rover-simulation/src/build/rover_gz_description' returned '0': CMAKE_PREFIX_PATH=${CMAKE_PREFIX_PATH}:/opt/ros/foxy /usr/bin/cmake --build /src/docker-ros2-rover-simulation/src/build/rover_gz_description -- -j4 -l4
[1.430s] Invoking command in '/src/docker-ros2-rover-simulation/src/build/rover_gz_description': CMAKE_PREFIX_PATH=${CMAKE_PREFIX_PATH}:/opt/ros/foxy /usr/bin/cmake --install /src/docker-ros2-rover-simulation/src/build/rover_gz_description
[1.441s] -- Install configuration: ""
[1.441s] -- Installing: /src/docker-ros2-rover-simulation/src/install/rover_gz_description/share/rover_gz_description/launch
[1.442s] -- Installing: /src/docker-ros2-rover-simulation/src/install/rover_gz_description/share/rover_gz_description/launch/display.launch.py
[1.442s] -- Installing: /src/docker-ros2-rover-simulation/src/install/rover_gz_description/share/rover_gz_description/launch/gazebo.launch.py
[1.442s] -- Installing: /src/docker-ros2-rover-simulation/src/install/rover_gz_description/share/rover_gz_description/meshes
[1.442s] -- Installing: /src/docker-ros2-rover-simulation/src/install/rover_gz_description/share/rover_gz_description/meshes/Camara_Link.STL
[1.442s] -- Installing: /src/docker-ros2-rover-simulation/src/install/rover_gz_description/share/rover_gz_description/meshes/base_link.STL
[1.443s] -- Installing: /src/docker-ros2-rover-simulation/src/install/rover_gz_description/share/rover_gz_description/meshes/Wheel2_Link.STL
[1.443s] -- Installing: /src/docker-ros2-rover-simulation/src/install/rover_gz_description/share/rover_gz_description/meshes/ClassRover
[1.443s] -- Installing: /src/docker-ros2-rover-simulation/src/install/rover_gz_description/share/rover_gz_description/meshes/ClassRover/caster_front_link.STL
[1.443s] -- Installing: /src/docker-ros2-rover-simulation/src/install/rover_gz_description/share/rover_gz_description/meshes/ClassRover/imu_link.STL
[1.444s] -- Installing: /src/docker-ros2-rover-simulation/src/install/rover_gz_description/share/rover_gz_description/meshes/ClassRover/laser_link.STL
[1.448s] -- Installing: /src/docker-ros2-rover-simulation/src/install/rover_gz_description/share/rover_gz_description/meshes/ClassRover/caster_rear_link.STL
[1.449s] -- Installing: /src/docker-ros2-rover-simulation/src/install/rover_gz_description/share/rover_gz_description/meshes/ClassRover/camera_link.STL
[1.449s] -- Installing: /src/docker-ros2-rover-simulation/src/install/rover_gz_description/share/rover_gz_description/meshes/ClassRover/base_link.STL
[1.465s] -- Installing: /src/docker-ros2-rover-simulation/src/install/rover_gz_description/share/rover_gz_description/meshes/ClassRover/wheel_right_link.STL
[1.466s] -- Installing: /src/docker-ros2-rover-simulation/src/install/rover_gz_description/share/rover_gz_description/meshes/ClassRover/wheel_left_link.STL
[1.468s] -- Installing: /src/docker-ros2-rover-simulation/src/install/rover_gz_description/share/rover_gz_description/meshes/Wheel1_Link.STL
[1.468s] -- Installing: /src/docker-ros2-rover-simulation/src/install/rover_gz_description/share/rover_gz_description/urdf
[1.468s] -- Installing: /src/docker-ros2-rover-simulation/src/install/rover_gz_description/share/rover_gz_description/urdf/rover.urdf
[1.468s] -- Installing: /src/docker-ros2-rover-simulation/src/install/rover_gz_description/share/rover_gz_description/urdf/LunarRover.urdf
[1.468s] -- Installing: /src/docker-ros2-rover-simulation/src/install/rover_gz_description/share/rover_gz_description/models
[1.469s] -- Installing: /src/docker-ros2-rover-simulation/src/install/rover_gz_description/share/rover_gz_description/models/sun
[1.469s] -- Installing: /src/docker-ros2-rover-simulation/src/install/rover_gz_description/share/rover_gz_description/models/sun/model.sdf
[1.469s] -- Installing: /src/docker-ros2-rover-simulation/src/install/rover_gz_description/share/rover_gz_description/models/sun/model-1_2.sdf
[1.469s] -- Installing: /src/docker-ros2-rover-simulation/src/install/rover_gz_description/share/rover_gz_description/models/sun/model-1_4.sdf
[1.469s] -- Installing: /src/docker-ros2-rover-simulation/src/install/rover_gz_description/share/rover_gz_description/models/sun/model.config
[1.469s] -- Installing: /src/docker-ros2-rover-simulation/src/install/rover_gz_description/share/rover_gz_description/models/sun/model-1_3.sdf
[1.469s] -- Installing: /src/docker-ros2-rover-simulation/src/install/rover_gz_description/share/rover_gz_description/models/ground_plane
[1.470s] -- Installing: /src/docker-ros2-rover-simulation/src/install/rover_gz_description/share/rover_gz_description/models/ground_plane/model.sdf
[1.470s] -- Installing: /src/docker-ros2-rover-simulation/src/install/rover_gz_description/share/rover_gz_description/models/ground_plane/model-1_2.sdf
[1.470s] -- Installing: /src/docker-ros2-rover-simulation/src/install/rover_gz_description/share/rover_gz_description/models/ground_plane/model-1_4.sdf
[1.470s] -- Installing: /src/docker-ros2-rover-simulation/src/install/rover_gz_description/share/rover_gz_description/models/ground_plane/model.config
[1.470s] -- Installing: /src/docker-ros2-rover-simulation/src/install/rover_gz_description/share/rover_gz_description/models/ground_plane/model-1_3.sdf
[1.470s] -- Installing: /src/docker-ros2-rover-simulation/src/install/rover_gz_description/share/rover_gz_description/rviz
[1.470s] -- Installing: /src/docker-ros2-rover-simulation/src/install/rover_gz_description/share/rover_gz_description/rviz/rover.rviz
[1.470s] -- Installing: /src/docker-ros2-rover-simulation/src/install/rover_gz_description/share/ament_index/resource_index/package_run_dependencies/rover_gz_description
[1.471s] -- Installing: /src/docker-ros2-rover-simulation/src/install/rover_gz_description/share/ament_index/resource_index/parent_prefix_path/rover_gz_description
[1.471s] -- Installing: /src/docker-ros2-rover-simulation/src/install/rover_gz_description/share/rover_gz_description/environment/ament_prefix_path.sh
[1.471s] -- Installing: /src/docker-ros2-rover-simulation/src/install/rover_gz_description/share/rover_gz_description/environment/ament_prefix_path.dsv
[1.471s] -- Installing: /src/docker-ros2-rover-simulation/src/install/rover_gz_description/share/rover_gz_description/environment/path.sh
[1.471s] -- Installing: /src/docker-ros2-rover-simulation/src/install/rover_gz_description/share/rover_gz_description/environment/path.dsv
[1.471s] -- Installing: /src/docker-ros2-rover-simulation/src/install/rover_gz_description/share/rover_gz_description/local_setup.bash
[1.471s] -- Installing: /src/docker-ros2-rover-simulation/src/install/rover_gz_description/share/rover_gz_description/local_setup.sh
[1.472s] -- Installing: /src/docker-ros2-rover-simulation/src/install/rover_gz_description/share/rover_gz_description/local_setup.zsh
[1.472s] -- Installing: /src/docker-ros2-rover-simulation/src/install/rover_gz_description/share/rover_gz_description/local_setup.dsv
[1.472s] -- Installing: /src/docker-ros2-rover-simulation/src/install/rover_gz_description/share/rover_gz_description/package.dsv
[1.472s] -- Installing: /src/docker-ros2-rover-simulation/src/install/rover_gz_description/share/ament_index/resource_index/packages/rover_gz_description
[1.472s] -- Installing: /src/docker-ros2-rover-simulation/src/install/rover_gz_description/share/rover_gz_description/cmake/rover_gz_descriptionConfig.cmake
[1.472s] -- Installing: /src/docker-ros2-rover-simulation/src/install/rover_gz_description/share/rover_gz_description/cmake/rover_gz_descriptionConfig-version.cmake
[1.473s] -- Installing: /src/docker-ros2-rover-simulation/src/install/rover_gz_description/share/rover_gz_description/package.xml
[1.476s] Invoked command in '/src/docker-ros2-rover-simulation/src/build/rover_gz_description' returned '0': CMAKE_PREFIX_PATH=${CMAKE_PREFIX_PATH}:/opt/ros/foxy /usr/bin/cmake --install /src/docker-ros2-rover-simulation/src/build/rover_gz_description
